2024-05-01 14:01:33,989 [GameBoard   ] DEBUG    Initializing a new game board...
2024-05-01 14:01:33,990 [GameBoard   ] DEBUG    Rendered board: 
NoneLI5:2OL4:3LO3:3MJ3:4NH2:4KN0:5JM0:5PJ4:6NN2:6KK3:8JP1:8OI3:9HN2:9MM2:10IO0:10NK1:11JJ4:11LL0:12IL1///10.30.00.40.20:10.30.00.40.20:10.30.00.40.20:10.30.00.40.20/HO-HPX:HL-HMX:IQ-JQ1:LP-MO3:IJ-JI0:OH-PH2:OM-PLX:QI-QJX:LH-MH4
2024-05-01 14:01:34,511 [GameBoard   ] DEBUG    You're player 1 at 7-th setup turn
2024-05-01 14:01:34,511 [GameBoard   ] DEBUG    The weight of resource cards = {'ORE': 3, 'WOOL': 3, 'BRICK': 3, 'GRAIN': 1, 'LUMBER': 2}
2024-05-01 14:01:34,523 [GameBoard   ] DEBUG    After constructing initial village: 
NoneLI5:2OL4:3LO3:3MJ3:4NH2:4KN0:5JM0:5PJ4:6NN2:6KK3:8JP1:8OI3:9HN2:9MM2:10IO0:10NK1:11JJ4:11LL0:12IL1/OK01:PI11:ML21:GN31:NG21:HO31/NG-OG2:OK-PK0:PI-QI1:GN-GO3:MK-ML2:HO-IN3/10.30.00.40.20:10.30.00.40.20:10.30.00.40.20:10.30.00.40.20/HO-HPX:HL-HMX:IQ-JQ1:LP-MO3:IJ-JI0:OH-PH2:OM-PLX:QI-QJX:LH-MH4
2024-05-01 14:01:35,072 [GameBoard   ] DEBUG    Current resources: 
{<Resource.LUMBER: 0>: 0, <Resource.BRICK: 1>: 0, <Resource.WOOL: 2>: 0, <Resource.GRAIN: 3>: 0, <Resource.ORE: 4>: 0}
2024-05-01 14:01:35,072 [GameBoard   ] DEBUG    The current turn number is now 2
2024-05-01 14:01:35,075 [GameBoard   ] DEBUG    State has been set as follows: 
NoneLI5:2OL4:3MJ3:3LO3:4NH2:4KN0:5JM0:5PJ4:6KK3:6NN2:8OI3:8JP1:9MM2:9HN2:10NK1:10IO0:11LL0:11JJ4:12IL1/OK01:PI11:LN21:LK21:JI31:JQ31/OK-PK0:PI-QI1:LM-LN2:IQ-JQ3:KL-LK2:IJ-JI3/10.30.00.40.20:10.30.00.40.20:10.30.00.40.20:10.30.00.40.20/LP-MO3:IJ-JI0:OH-PH2:OM-PLX:QI-QJX:LH-MH4:HO-HPX:HL-HMX:IQ-JQ1
2024-05-01 14:01:35,075 [GameBoard   ] DEBUG    The current turn number is now 2
2024-05-01 14:01:35,583 [Evaluate    ] INFO     Loading twingo agent to memory...
2024-05-01 14:01:35,584 [Evaluate    ] INFO     Begin to search using twingo agent.
2024-05-01 14:01:35,584 [GameBoard   ] DEBUG    Querying initial state...
2024-05-01 14:01:35,585 [GameBoard   ] DEBUG    List of applicable positions for a VILLAGE: [(3, -5), (4, 0), (3, 1), (5, -2), (-5, 3), (0, -4), (1, -3), (1, 0), (1, 3), (-4, 4), (-4, 1), (-2, -1), (-1, -2), (-1, 1), (-5, 2), (-3, 2), (2, -5), (2, -2), (1, -4), (0, 4), (2, 1), (-4, 0), (-4, 3), (-2, 0), (-2, 3), (3, -4), (3, 2), (-3, -1), (-3, 4), (-3, 1), (2, -3), (2, 3), (-2, 2)]
2024-05-01 14:01:35,585 [GameBoard   ] DEBUG    ------- SIMULATION START: (VILLAGE(q: -1, r:1),) -------
2024-05-01 14:01:35,586 [GameBoard   ] DEBUG    State has been set as follows: 
NoneLI5:2OL4:3MJ3:3LO3:4NH2:4KN0:5JM0:5PJ4:6KK3:6NN2:8OI3:8JP1:9MM2:9HN2:10NK1:10IO0:11LL0:11JJ4:12IL1/OK01:PI11:LN21:LK21:JI31:JQ31/OK-PK0:PI-QI1:LM-LN2:IQ-JQ3:KL-LK2:IJ-JI3/10.30.00.40.20:10.30.00.40.20:10.30.00.40.20:10.30.00.40.20/LP-MO3:IJ-JI0:OH-PH2:OM-PLX:QI-QJX:LH-MH4:HO-HPX:HL-HMX:IQ-JQ1
2024-05-01 14:01:35,586 [GameBoard   ] DEBUG    The current turn number is now 2
2024-05-01 14:01:36,076 [Action      ] DEBUG    Calling VILLAGE construction on node (q: -1, r:1).
2024-05-01 14:01:36,076 [Action      ] DEBUG    VILLAGE construction is successful.
2024-05-01 14:01:36,077 [GameBoard   ] DEBUG    State has been changed to: 
NoneLI5:2OL4:3MJ3:3LO3:4NH2:4KN0:5JM0:5PJ4:6KK3:6NN2:8OI3:8JP1:9MM2:9HN2:10NK1:10IO0:11LL0:11JJ4:12IL1/OK01:PI11:LN21:KM11:LK21:JI31:JQ31/OK-PK0:PI-QI1:LM-LN2:IQ-JQ3:KL-LK2:IJ-JI3/10.30.00.40.20:10.30.00.40.20:10.30.00.40.20:10.30.00.40.20/LP-MO3:IJ-JI0:OH-PH2:OM-PLX:QI-QJX:LH-MH4:HO-HPX:HL-HMX:IQ-JQ1
2024-05-01 14:01:36,077 [GameBoard   ] DEBUG    The current turn number is now 2
2024-05-01 14:01:36,564 [GameBoard   ] DEBUG    ------- SIMULATION ENDS -------
2024-05-01 14:01:36,566 [GameBoard   ] DEBUG    State has been set as follows: 
NoneLI5:2OL4:3MJ3:3LO3:4NH2:4KN0:5JM0:5PJ4:6KK3:6NN2:8OI3:8JP1:9MM2:9HN2:10NK1:10IO0:11LL0:11JJ4:12IL1/OK01:PI11:LN21:LK21:JI31:JQ31/OK-PK0:PI-QI1:LM-LN2:IQ-JQ3:KL-LK2:IJ-JI3/10.30.00.40.20:10.30.00.40.20:10.30.00.40.20:10.30.00.40.20/LP-MO3:IJ-JI0:OH-PH2:OM-PLX:QI-QJX:LH-MH4:HO-HPX:HL-HMX:IQ-JQ1
2024-05-01 14:01:36,566 [GameBoard   ] DEBUG    The current turn number is now 2
2024-05-01 14:01:37,046 [GameBoard   ] DEBUG    Player's yield: [(<Resource.LUMBER: 0>, 0), (<Resource.BRICK: 1>, 0), (<Resource.WOOL: 2>, 0), (<Resource.GRAIN: 3>, 0), (<Resource.ORE: 4>, 1)] on roll 4
2024-05-01 14:01:37,047 [GameBoard   ] DEBUG    Player's yield: [(<Resource.LUMBER: 0>, 0), (<Resource.BRICK: 1>, 0), (<Resource.WOOL: 2>, 0), (<Resource.GRAIN: 3>, 1), (<Resource.ORE: 4>, 0)] on roll 7
2024-05-01 14:01:37,047 [GameBoard   ] DEBUG    Expected earning per turn: 0.41666666666666663
2024-05-01 14:01:37,047 [GameBoard   ] DEBUG    ------- SIMULATION START: (VILLAGE(q: 2, r:-3),) -------
2024-05-01 14:01:37,047 [GameBoard   ] DEBUG    State has been set as follows: 
NoneLI5:2OL4:3MJ3:3LO3:4NH2:4KN0:5JM0:5PJ4:6KK3:6NN2:8OI3:8JP1:9MM2:9HN2:10NK1:10IO0:11LL0:11JJ4:12IL1/OK01:PI11:LN21:LK21:JI31:JQ31/OK-PK0:PI-QI1:LM-LN2:IQ-JQ3:KL-LK2:IJ-JI3/10.30.00.40.20:10.30.00.40.20:10.30.00.40.20:10.30.00.40.20/LP-MO3:IJ-JI0:OH-PH2:OM-PLX:QI-QJX:LH-MH4:HO-HPX:HL-HMX:IQ-JQ1
2024-05-01 14:01:37,047 [GameBoard   ] DEBUG    The current turn number is now 2
2024-05-01 14:01:37,531 [Action      ] DEBUG    Calling VILLAGE construction on node (q: 2, r:-3).
2024-05-01 14:01:37,531 [Action      ] DEBUG    VILLAGE construction is successful.
2024-05-01 14:01:37,531 [GameBoard   ] DEBUG    State has been changed to: 
NoneLI5:2OL4:3MJ3:3LO3:4NH2:4KN0:5JM0:5PJ4:6KK3:6NN2:8OI3:8JP1:9MM2:9HN2:10NK1:10IO0:11LL0:11JJ4:12IL1/OK01:PI11:LN21:LK21:JI31:NI11:JQ31/OK-PK0:PI-QI1:LM-LN2:IQ-JQ3:KL-LK2:IJ-JI3/10.30.00.40.20:10.30.00.40.20:10.30.00.40.20:10.30.00.40.20/LP-MO3:IJ-JI0:OH-PH2:OM-PLX:QI-QJX:LH-MH4:HO-HPX:HL-HMX:IQ-JQ1
2024-05-01 14:01:37,531 [GameBoard   ] DEBUG    The current turn number is now 2
2024-05-01 14:01:38,019 [GameBoard   ] DEBUG    ------- SIMULATION ENDS -------
2024-05-01 14:01:38,020 [GameBoard   ] DEBUG    State has been set as follows: 
NoneLI5:2OL4:3MJ3:3LO3:4NH2:4KN0:5JM0:5PJ4:6KK3:6NN2:8OI3:8JP1:9MM2:9HN2:10NK1:10IO0:11LL0:11JJ4:12IL1/OK01:PI11:LN21:LK21:JI31:JQ31/OK-PK0:PI-QI1:LM-LN2:IQ-JQ3:KL-LK2:IJ-JI3/10.30.00.40.20:10.30.00.40.20:10.30.00.40.20:10.30.00.40.20/LP-MO3:IJ-JI0:OH-PH2:OM-PLX:QI-QJX:LH-MH4:HO-HPX:HL-HMX:IQ-JQ1
2024-05-01 14:01:38,020 [GameBoard   ] DEBUG    The current turn number is now 2
2024-05-01 14:01:38,502 [GameBoard   ] DEBUG    Player's yield: [(<Resource.LUMBER: 0>, 0), (<Resource.BRICK: 1>, 0), (<Resource.WOOL: 2>, 0), (<Resource.GRAIN: 3>, 0), (<Resource.ORE: 4>, 1)] on roll 4
2024-05-01 14:01:38,502 [GameBoard   ] DEBUG    Player's yield: [(<Resource.LUMBER: 0>, 0), (<Resource.BRICK: 1>, 0), (<Resource.WOOL: 2>, 0), (<Resource.GRAIN: 3>, 1), (<Resource.ORE: 4>, 0)] on roll 7
2024-05-01 14:01:38,502 [GameBoard   ] DEBUG    Expected earning per turn: 0.41666666666666663
2024-05-01 14:01:38,502 [GameBoard   ] DEBUG    ------- SIMULATION START: (VILLAGE(q: 2, r:3),) -------
2024-05-01 14:01:38,502 [GameBoard   ] DEBUG    State has been set as follows: 
NoneLI5:2OL4:3MJ3:3LO3:4NH2:4KN0:5JM0:5PJ4:6KK3:6NN2:8OI3:8JP1:9MM2:9HN2:10NK1:10IO0:11LL0:11JJ4:12IL1/OK01:PI11:LN21:LK21:JI31:JQ31/OK-PK0:PI-QI1:LM-LN2:IQ-JQ3:KL-LK2:IJ-JI3/10.30.00.40.20:10.30.00.40.20:10.30.00.40.20:10.30.00.40.20/LP-MO3:IJ-JI0:OH-PH2:OM-PLX:QI-QJX:LH-MH4:HO-HPX:HL-HMX:IQ-JQ1
2024-05-01 14:01:38,502 [GameBoard   ] DEBUG    The current turn number is now 2
2024-05-01 14:01:38,981 [Action      ] DEBUG    Calling VILLAGE construction on node (q: 2, r:3).
2024-05-01 14:01:38,981 [Action      ] DEBUG    VILLAGE construction is successful.
2024-05-01 14:01:38,981 [GameBoard   ] DEBUG    State has been changed to: 
NoneLI5:2OL4:3MJ3:3LO3:4NH2:4KN0:5JM0:5PJ4:6KK3:6NN2:8OI3:8JP1:9MM2:9HN2:10NK1:10IO0:11LL0:11JJ4:12IL1/OK01:PI11:LN21:LK21:JI31:NO11:JQ31/OK-PK0:PI-QI1:LM-LN2:IQ-JQ3:KL-LK2:IJ-JI3/10.30.00.40.20:10.30.00.40.20:10.30.00.40.20:10.30.00.40.20/LP-MO3:IJ-JI0:OH-PH2:OM-PLX:QI-QJX:LH-MH4:HO-HPX:HL-HMX:IQ-JQ1
2024-05-01 14:01:38,981 [GameBoard   ] DEBUG    The current turn number is now 2
2024-05-01 14:01:39,459 [GameBoard   ] DEBUG    ------- SIMULATION ENDS -------
2024-05-01 14:01:39,460 [GameBoard   ] DEBUG    State has been set as follows: 
NoneLI5:2OL4:3MJ3:3LO3:4NH2:4KN0:5JM0:5PJ4:6KK3:6NN2:8OI3:8JP1:9MM2:9HN2:10NK1:10IO0:11LL0:11JJ4:12IL1/OK01:PI11:LN21:LK21:JI31:JQ31/OK-PK0:PI-QI1:LM-LN2:IQ-JQ3:KL-LK2:IJ-JI3/10.30.00.40.20:10.30.00.40.20:10.30.00.40.20:10.30.00.40.20/LP-MO3:IJ-JI0:OH-PH2:OM-PLX:QI-QJX:LH-MH4:HO-HPX:HL-HMX:IQ-JQ1
2024-05-01 14:01:39,460 [GameBoard   ] DEBUG    The current turn number is now 2
2024-05-01 14:01:39,946 [GameBoard   ] DEBUG    Player's yield: [(<Resource.LUMBER: 0>, 0), (<Resource.BRICK: 1>, 0), (<Resource.WOOL: 2>, 0), (<Resource.GRAIN: 3>, 0), (<Resource.ORE: 4>, 1)] on roll 4
2024-05-01 14:01:39,947 [GameBoard   ] DEBUG    Player's yield: [(<Resource.LUMBER: 0>, 0), (<Resource.BRICK: 1>, 0), (<Resource.WOOL: 2>, 0), (<Resource.GRAIN: 3>, 1), (<Resource.ORE: 4>, 0)] on roll 7
2024-05-01 14:01:39,947 [GameBoard   ] DEBUG    Expected earning per turn: 0.41666666666666663
2024-05-01 14:01:39,947 [GameBoard   ] DEBUG    ------- SIMULATION START: (VILLAGE(q: -5, r:3),) -------
2024-05-01 14:01:39,947 [GameBoard   ] DEBUG    State has been set as follows: 
NoneLI5:2OL4:3MJ3:3LO3:4NH2:4KN0:5JM0:5PJ4:6KK3:6NN2:8OI3:8JP1:9MM2:9HN2:10NK1:10IO0:11LL0:11JJ4:12IL1/OK01:PI11:LN21:LK21:JI31:JQ31/OK-PK0:PI-QI1:LM-LN2:IQ-JQ3:KL-LK2:IJ-JI3/10.30.00.40.20:10.30.00.40.20:10.30.00.40.20:10.30.00.40.20/LP-MO3:IJ-JI0:OH-PH2:OM-PLX:QI-QJX:LH-MH4:HO-HPX:HL-HMX:IQ-JQ1
2024-05-01 14:01:39,947 [GameBoard   ] DEBUG    The current turn number is now 2
2024-05-01 14:01:40,428 [Action      ] DEBUG    Calling VILLAGE construction on node (q: -5, r:3).
2024-05-01 14:01:40,428 [Action      ] DEBUG    VILLAGE construction is successful.
2024-05-01 14:01:40,429 [GameBoard   ] DEBUG    State has been changed to: 
NoneLI5:2OL4:3MJ3:3LO3:4NH2:4KN0:5JM0:5PJ4:6KK3:6NN2:8OI3:8JP1:9MM2:9HN2:10NK1:10IO0:11LL0:11JJ4:12IL1/OK01:PI11:GO11:LN21:LK21:JI31:JQ31/OK-PK0:PI-QI1:LM-LN2:IQ-JQ3:KL-LK2:IJ-JI3/10.30.00.40.20:10.30.00.40.20:10.30.00.40.20:10.30.00.40.20/LP-MO3:IJ-JI0:OH-PH2:OM-PLX:QI-QJX:LH-MH4:HO-HPX:HL-HMX:IQ-JQ1
2024-05-01 14:01:40,429 [GameBoard   ] DEBUG    The current turn number is now 2
2024-05-01 14:01:40,908 [GameBoard   ] DEBUG    ------- SIMULATION ENDS -------
2024-05-01 14:01:40,909 [GameBoard   ] DEBUG    State has been set as follows: 
NoneLI5:2OL4:3MJ3:3LO3:4NH2:4KN0:5JM0:5PJ4:6KK3:6NN2:8OI3:8JP1:9MM2:9HN2:10NK1:10IO0:11LL0:11JJ4:12IL1/OK01:PI11:LN21:LK21:JI31:JQ31/OK-PK0:PI-QI1:LM-LN2:IQ-JQ3:KL-LK2:IJ-JI3/10.30.00.40.20:10.30.00.40.20:10.30.00.40.20:10.30.00.40.20/LP-MO3:IJ-JI0:OH-PH2:OM-PLX:QI-QJX:LH-MH4:HO-HPX:HL-HMX:IQ-JQ1
2024-05-01 14:01:40,909 [GameBoard   ] DEBUG    The current turn number is now 2
2024-05-01 14:01:41,388 [GameBoard   ] DEBUG    Player's yield: [(<Resource.LUMBER: 0>, 0), (<Resource.BRICK: 1>, 0), (<Resource.WOOL: 2>, 0), (<Resource.GRAIN: 3>, 0), (<Resource.ORE: 4>, 1)] on roll 4
2024-05-01 14:01:41,389 [GameBoard   ] DEBUG    Player's yield: [(<Resource.LUMBER: 0>, 0), (<Resource.BRICK: 1>, 0), (<Resource.WOOL: 2>, 0), (<Resource.GRAIN: 3>, 1), (<Resource.ORE: 4>, 0)] on roll 7
2024-05-01 14:01:41,389 [GameBoard   ] DEBUG    Expected earning per turn: 0.41666666666666663
2024-05-01 14:01:41,389 [GameBoard   ] DEBUG    ------- SIMULATION START: (VILLAGE(q: -2, r:3),) -------
2024-05-01 14:01:41,389 [GameBoard   ] DEBUG    State has been set as follows: 
NoneLI5:2OL4:3MJ3:3LO3:4NH2:4KN0:5JM0:5PJ4:6KK3:6NN2:8OI3:8JP1:9MM2:9HN2:10NK1:10IO0:11LL0:11JJ4:12IL1/OK01:PI11:LN21:LK21:JI31:JQ31/OK-PK0:PI-QI1:LM-LN2:IQ-JQ3:KL-LK2:IJ-JI3/10.30.00.40.20:10.30.00.40.20:10.30.00.40.20:10.30.00.40.20/LP-MO3:IJ-JI0:OH-PH2:OM-PLX:QI-QJX:LH-MH4:HO-HPX:HL-HMX:IQ-JQ1
2024-05-01 14:01:41,389 [GameBoard   ] DEBUG    The current turn number is now 2
2024-05-01 14:01:41,869 [Action      ] DEBUG    Calling VILLAGE construction on node (q: -2, r:3).
2024-05-01 14:01:41,869 [Action      ] DEBUG    VILLAGE construction is successful.
2024-05-01 14:01:41,869 [GameBoard   ] DEBUG    State has been changed to: 
NoneLI5:2OL4:3MJ3:3LO3:4NH2:4KN0:5JM0:5PJ4:6KK3:6NN2:8OI3:8JP1:9MM2:9HN2:10NK1:10IO0:11LL0:11JJ4:12IL1/OK01:PI11:LN21:LK21:JI31:JO11:JQ31/OK-PK0:PI-QI1:LM-LN2:IQ-JQ3:KL-LK2:IJ-JI3/10.30.00.40.20:10.30.00.40.20:10.30.00.40.20:10.30.00.40.20/LP-MO3:IJ-JI0:OH-PH2:OM-PLX:QI-QJX:LH-MH4:HO-HPX:HL-HMX:IQ-JQ1
2024-05-01 14:01:41,869 [GameBoard   ] DEBUG    The current turn number is now 2
2024-05-01 14:01:42,350 [GameBoard   ] DEBUG    ------- SIMULATION ENDS -------
2024-05-01 14:01:42,351 [GameBoard   ] DEBUG    State has been set as follows: 
NoneLI5:2OL4:3MJ3:3LO3:4NH2:4KN0:5JM0:5PJ4:6KK3:6NN2:8OI3:8JP1:9MM2:9HN2:10NK1:10IO0:11LL0:11JJ4:12IL1/OK01:PI11:LN21:LK21:JI31:JQ31/OK-PK0:PI-QI1:LM-LN2:IQ-JQ3:KL-LK2:IJ-JI3/10.30.00.40.20:10.30.00.40.20:10.30.00.40.20:10.30.00.40.20/LP-MO3:IJ-JI0:OH-PH2:OM-PLX:QI-QJX:LH-MH4:HO-HPX:HL-HMX:IQ-JQ1
2024-05-01 14:01:42,351 [GameBoard   ] DEBUG    The current turn number is now 2
2024-05-01 14:01:42,829 [GameBoard   ] DEBUG    Player's yield: [(<Resource.LUMBER: 0>, 0), (<Resource.BRICK: 1>, 0), (<Resource.WOOL: 2>, 0), (<Resource.GRAIN: 3>, 0), (<Resource.ORE: 4>, 1)] on roll 4
2024-05-01 14:01:42,829 [GameBoard   ] DEBUG    Player's yield: [(<Resource.LUMBER: 0>, 0), (<Resource.BRICK: 1>, 0), (<Resource.WOOL: 2>, 0), (<Resource.GRAIN: 3>, 1), (<Resource.ORE: 4>, 0)] on roll 7
2024-05-01 14:01:42,829 [GameBoard   ] DEBUG    Expected earning per turn: 0.41666666666666663
2024-05-01 14:01:42,829 [GameBoard   ] DEBUG    ------- SIMULATION START: (VILLAGE(q: 1, r:3),) -------
2024-05-01 14:01:42,830 [GameBoard   ] DEBUG    State has been set as follows: 
NoneLI5:2OL4:3MJ3:3LO3:4NH2:4KN0:5JM0:5PJ4:6KK3:6NN2:8OI3:8JP1:9MM2:9HN2:10NK1:10IO0:11LL0:11JJ4:12IL1/OK01:PI11:LN21:LK21:JI31:JQ31/OK-PK0:PI-QI1:LM-LN2:IQ-JQ3:KL-LK2:IJ-JI3/10.30.00.40.20:10.30.00.40.20:10.30.00.40.20:10.30.00.40.20/LP-MO3:IJ-JI0:OH-PH2:OM-PLX:QI-QJX:LH-MH4:HO-HPX:HL-HMX:IQ-JQ1
2024-05-01 14:01:42,830 [GameBoard   ] DEBUG    The current turn number is now 2
2024-05-01 14:01:43,313 [Action      ] DEBUG    Calling VILLAGE construction on node (q: 1, r:3).
2024-05-01 14:01:43,313 [Action      ] DEBUG    VILLAGE construction is successful.
2024-05-01 14:01:43,313 [GameBoard   ] DEBUG    State has been changed to: 
NoneLI5:2OL4:3MJ3:3LO3:4NH2:4KN0:5JM0:5PJ4:6KK3:6NN2:8OI3:8JP1:9MM2:9HN2:10NK1:10IO0:11LL0:11JJ4:12IL1/OK01:PI11:LN21:MO11:LK21:JI31:JQ31/OK-PK0:PI-QI1:LM-LN2:IQ-JQ3:KL-LK2:IJ-JI3/10.30.00.40.20:10.30.00.40.20:10.30.00.40.20:10.30.00.40.20/LP-MO3:IJ-JI0:OH-PH2:OM-PLX:QI-QJX:LH-MH4:HO-HPX:HL-HMX:IQ-JQ1
2024-05-01 14:01:43,313 [GameBoard   ] DEBUG    The current turn number is now 2
2024-05-01 14:01:43,786 [GameBoard   ] DEBUG    ------- SIMULATION ENDS -------
2024-05-01 14:01:43,787 [GameBoard   ] DEBUG    State has been set as follows: 
NoneLI5:2OL4:3MJ3:3LO3:4NH2:4KN0:5JM0:5PJ4:6KK3:6NN2:8OI3:8JP1:9MM2:9HN2:10NK1:10IO0:11LL0:11JJ4:12IL1/OK01:PI11:LN21:LK21:JI31:JQ31/OK-PK0:PI-QI1:LM-LN2:IQ-JQ3:KL-LK2:IJ-JI3/10.30.00.40.20:10.30.00.40.20:10.30.00.40.20:10.30.00.40.20/LP-MO3:IJ-JI0:OH-PH2:OM-PLX:QI-QJX:LH-MH4:HO-HPX:HL-HMX:IQ-JQ1
2024-05-01 14:01:43,787 [GameBoard   ] DEBUG    The current turn number is now 2
2024-05-01 14:01:44,297 [GameBoard   ] DEBUG    Player's yield: [(<Resource.LUMBER: 0>, 0), (<Resource.BRICK: 1>, 0), (<Resource.WOOL: 2>, 0), (<Resource.GRAIN: 3>, 0), (<Resource.ORE: 4>, 1)] on roll 4
2024-05-01 14:01:44,298 [GameBoard   ] DEBUG    Player's yield: [(<Resource.LUMBER: 0>, 0), (<Resource.BRICK: 1>, 0), (<Resource.WOOL: 2>, 0), (<Resource.GRAIN: 3>, 1), (<Resource.ORE: 4>, 0)] on roll 7
2024-05-01 14:01:44,298 [GameBoard   ] DEBUG    Expected earning per turn: 0.41666666666666663
2024-05-01 14:01:44,298 [GameBoard   ] DEBUG    ------- SIMULATION START: (VILLAGE(q: 3, r:1),) -------
2024-05-01 14:01:44,298 [GameBoard   ] DEBUG    State has been set as follows: 
NoneLI5:2OL4:3MJ3:3LO3:4NH2:4KN0:5JM0:5PJ4:6KK3:6NN2:8OI3:8JP1:9MM2:9HN2:10NK1:10IO0:11LL0:11JJ4:12IL1/OK01:PI11:LN21:LK21:JI31:JQ31/OK-PK0:PI-QI1:LM-LN2:IQ-JQ3:KL-LK2:IJ-JI3/10.30.00.40.20:10.30.00.40.20:10.30.00.40.20:10.30.00.40.20/LP-MO3:IJ-JI0:OH-PH2:OM-PLX:QI-QJX:LH-MH4:HO-HPX:HL-HMX:IQ-JQ1
2024-05-01 14:01:44,298 [GameBoard   ] DEBUG    The current turn number is now 2
2024-05-01 14:01:44,782 [Action      ] DEBUG    Calling VILLAGE construction on node (q: 3, r:1).
2024-05-01 14:01:44,782 [Action      ] DEBUG    VILLAGE construction is successful.
2024-05-01 14:01:44,782 [GameBoard   ] DEBUG    State has been changed to: 
NoneLI5:2OL4:3MJ3:3LO3:4NH2:4KN0:5JM0:5PJ4:6KK3:6NN2:8OI3:8JP1:9MM2:9HN2:10NK1:10IO0:11LL0:11JJ4:12IL1/OK01:PI11:OM11:LN21:LK21:JI31:JQ31/OK-PK0:PI-QI1:LM-LN2:IQ-JQ3:KL-LK2:IJ-JI3/10.30.00.40.20:10.30.00.40.20:10.30.00.40.20:10.30.00.40.20/LP-MO3:IJ-JI0:OH-PH2:OM-PLX:QI-QJX:LH-MH4:HO-HPX:HL-HMX:IQ-JQ1
2024-05-01 14:01:44,783 [GameBoard   ] DEBUG    The current turn number is now 2
2024-05-01 14:01:45,266 [GameBoard   ] DEBUG    ------- SIMULATION ENDS -------
2024-05-01 14:01:45,267 [GameBoard   ] DEBUG    State has been set as follows: 
NoneLI5:2OL4:3MJ3:3LO3:4NH2:4KN0:5JM0:5PJ4:6KK3:6NN2:8OI3:8JP1:9MM2:9HN2:10NK1:10IO0:11LL0:11JJ4:12IL1/OK01:PI11:LN21:LK21:JI31:JQ31/OK-PK0:PI-QI1:LM-LN2:IQ-JQ3:KL-LK2:IJ-JI3/10.30.00.40.20:10.30.00.40.20:10.30.00.40.20:10.30.00.40.20/LP-MO3:IJ-JI0:OH-PH2:OM-PLX:QI-QJX:LH-MH4:HO-HPX:HL-HMX:IQ-JQ1
2024-05-01 14:01:45,267 [GameBoard   ] DEBUG    The current turn number is now 2
2024-05-01 14:01:45,749 [GameBoard   ] DEBUG    Player's yield: [(<Resource.LUMBER: 0>, 0), (<Resource.BRICK: 1>, 0), (<Resource.WOOL: 2>, 0), (<Resource.GRAIN: 3>, 0), (<Resource.ORE: 4>, 1)] on roll 4
2024-05-01 14:01:45,750 [GameBoard   ] DEBUG    Player's yield: [(<Resource.LUMBER: 0>, 0), (<Resource.BRICK: 1>, 0), (<Resource.WOOL: 2>, 0), (<Resource.GRAIN: 3>, 1), (<Resource.ORE: 4>, 0)] on roll 7
2024-05-01 14:01:45,750 [GameBoard   ] DEBUG    Expected earning per turn: 0.41666666666666663
2024-05-01 14:01:45,750 [GameBoard   ] DEBUG    ------- SIMULATION START: (VILLAGE(q: -3, r:1),) -------
2024-05-01 14:01:45,750 [GameBoard   ] DEBUG    State has been set as follows: 
NoneLI5:2OL4:3MJ3:3LO3:4NH2:4KN0:5JM0:5PJ4:6KK3:6NN2:8OI3:8JP1:9MM2:9HN2:10NK1:10IO0:11LL0:11JJ4:12IL1/OK01:PI11:LN21:LK21:JI31:JQ31/OK-PK0:PI-QI1:LM-LN2:IQ-JQ3:KL-LK2:IJ-JI3/10.30.00.40.20:10.30.00.40.20:10.30.00.40.20:10.30.00.40.20/LP-MO3:IJ-JI0:OH-PH2:OM-PLX:QI-QJX:LH-MH4:HO-HPX:HL-HMX:IQ-JQ1
2024-05-01 14:01:45,750 [GameBoard   ] DEBUG    The current turn number is now 2
2024-05-01 14:01:46,232 [Action      ] DEBUG    Calling VILLAGE construction on node (q: -3, r:1).
2024-05-01 14:01:46,232 [Action      ] DEBUG    VILLAGE construction is successful.
2024-05-01 14:01:46,232 [GameBoard   ] DEBUG    State has been changed to: 
NoneLI5:2OL4:3MJ3:3LO3:4NH2:4KN0:5JM0:5PJ4:6KK3:6NN2:8OI3:8JP1:9MM2:9HN2:10NK1:10IO0:11LL0:11JJ4:12IL1/OK01:PI11:LN21:LK21:JI31:IM11:JQ31/OK-PK0:PI-QI1:LM-LN2:IQ-JQ3:KL-LK2:IJ-JI3/10.30.00.40.20:10.30.00.40.20:10.30.00.40.20:10.30.00.40.20/LP-MO3:IJ-JI0:OH-PH2:OM-PLX:QI-QJX:LH-MH4:HO-HPX:HL-HMX:IQ-JQ1
2024-05-01 14:01:46,232 [GameBoard   ] DEBUG    The current turn number is now 2
2024-05-01 14:01:46,715 [GameBoard   ] DEBUG    ------- SIMULATION ENDS -------
2024-05-01 14:01:46,716 [GameBoard   ] DEBUG    State has been set as follows: 
NoneLI5:2OL4:3MJ3:3LO3:4NH2:4KN0:5JM0:5PJ4:6KK3:6NN2:8OI3:8JP1:9MM2:9HN2:10NK1:10IO0:11LL0:11JJ4:12IL1/OK01:PI11:LN21:LK21:JI31:JQ31/OK-PK0:PI-QI1:LM-LN2:IQ-JQ3:KL-LK2:IJ-JI3/10.30.00.40.20:10.30.00.40.20:10.30.00.40.20:10.30.00.40.20/LP-MO3:IJ-JI0:OH-PH2:OM-PLX:QI-QJX:LH-MH4:HO-HPX:HL-HMX:IQ-JQ1
2024-05-01 14:01:46,716 [GameBoard   ] DEBUG    The current turn number is now 2
2024-05-01 14:01:47,196 [GameBoard   ] DEBUG    Player's yield: [(<Resource.LUMBER: 0>, 0), (<Resource.BRICK: 1>, 0), (<Resource.WOOL: 2>, 0), (<Resource.GRAIN: 3>, 0), (<Resource.ORE: 4>, 1)] on roll 4
2024-05-01 14:01:47,197 [GameBoard   ] DEBUG    Player's yield: [(<Resource.LUMBER: 0>, 0), (<Resource.BRICK: 1>, 0), (<Resource.WOOL: 2>, 0), (<Resource.GRAIN: 3>, 1), (<Resource.ORE: 4>, 0)] on roll 7
2024-05-01 14:01:47,197 [GameBoard   ] DEBUG    Expected earning per turn: 0.41666666666666663
2024-05-01 14:01:47,197 [GameBoard   ] DEBUG    ------- SIMULATION START: (VILLAGE(q: -5, r:3),) -------
2024-05-01 14:01:47,197 [GameBoard   ] DEBUG    State has been set as follows: 
NoneLI5:2OL4:3MJ3:3LO3:4NH2:4KN0:5JM0:5PJ4:6KK3:6NN2:8OI3:8JP1:9MM2:9HN2:10NK1:10IO0:11LL0:11JJ4:12IL1/OK01:PI11:LN21:LK21:JI31:JQ31/OK-PK0:PI-QI1:LM-LN2:IQ-JQ3:KL-LK2:IJ-JI3/10.30.00.40.20:10.30.00.40.20:10.30.00.40.20:10.30.00.40.20/LP-MO3:IJ-JI0:OH-PH2:OM-PLX:QI-QJX:LH-MH4:HO-HPX:HL-HMX:IQ-JQ1
2024-05-01 14:01:47,197 [GameBoard   ] DEBUG    The current turn number is now 2
2024-05-01 14:01:47,680 [Action      ] DEBUG    Calling VILLAGE construction on node (q: -5, r:3).
2024-05-01 14:01:47,680 [Action      ] DEBUG    VILLAGE construction is successful.
2024-05-01 14:01:47,681 [GameBoard   ] DEBUG    State has been changed to: 
NoneLI5:2OL4:3MJ3:3LO3:4NH2:4KN0:5JM0:5PJ4:6KK3:6NN2:8OI3:8JP1:9MM2:9HN2:10NK1:10IO0:11LL0:11JJ4:12IL1/OK01:PI11:GO11:LN21:LK21:JI31:JQ31/OK-PK0:PI-QI1:LM-LN2:IQ-JQ3:KL-LK2:IJ-JI3/10.30.00.40.20:10.30.00.40.20:10.30.00.40.20:10.30.00.40.20/LP-MO3:IJ-JI0:OH-PH2:OM-PLX:QI-QJX:LH-MH4:HO-HPX:HL-HMX:IQ-JQ1
2024-05-01 14:01:47,681 [GameBoard   ] DEBUG    The current turn number is now 2
2024-05-01 14:01:48,161 [GameBoard   ] DEBUG    ------- SIMULATION ENDS -------
2024-05-01 14:01:48,162 [GameBoard   ] DEBUG    State has been set as follows: 
NoneLI5:2OL4:3MJ3:3LO3:4NH2:4KN0:5JM0:5PJ4:6KK3:6NN2:8OI3:8JP1:9MM2:9HN2:10NK1:10IO0:11LL0:11JJ4:12IL1/OK01:PI11:LN21:LK21:JI31:JQ31/OK-PK0:PI-QI1:LM-LN2:IQ-JQ3:KL-LK2:IJ-JI3/10.30.00.40.20:10.30.00.40.20:10.30.00.40.20:10.30.00.40.20/LP-MO3:IJ-JI0:OH-PH2:OM-PLX:QI-QJX:LH-MH4:HO-HPX:HL-HMX:IQ-JQ1
2024-05-01 14:01:48,162 [GameBoard   ] DEBUG    The current turn number is now 2
2024-05-01 14:01:48,647 [GameBoard   ] DEBUG    Player's yield: [(<Resource.LUMBER: 0>, 0), (<Resource.BRICK: 1>, 0), (<Resource.WOOL: 2>, 0), (<Resource.GRAIN: 3>, 0), (<Resource.ORE: 4>, 1)] on roll 4
2024-05-01 14:01:48,647 [GameBoard   ] DEBUG    Player's yield: [(<Resource.LUMBER: 0>, 0), (<Resource.BRICK: 1>, 0), (<Resource.WOOL: 2>, 0), (<Resource.GRAIN: 3>, 1), (<Resource.ORE: 4>, 0)] on roll 7
2024-05-01 14:01:48,647 [GameBoard   ] DEBUG    Expected earning per turn: 0.41666666666666663
2024-05-01 14:01:48,647 [GameBoard   ] DEBUG    ------- SIMULATION START: (VILLAGE(q: 0, r:-4),) -------
2024-05-01 14:01:48,648 [GameBoard   ] DEBUG    State has been set as follows: 
NoneLI5:2OL4:3MJ3:3LO3:4NH2:4KN0:5JM0:5PJ4:6KK3:6NN2:8OI3:8JP1:9MM2:9HN2:10NK1:10IO0:11LL0:11JJ4:12IL1/OK01:PI11:LN21:LK21:JI31:JQ31/OK-PK0:PI-QI1:LM-LN2:IQ-JQ3:KL-LK2:IJ-JI3/10.30.00.40.20:10.30.00.40.20:10.30.00.40.20:10.30.00.40.20/LP-MO3:IJ-JI0:OH-PH2:OM-PLX:QI-QJX:LH-MH4:HO-HPX:HL-HMX:IQ-JQ1
2024-05-01 14:01:48,648 [GameBoard   ] DEBUG    The current turn number is now 2
2024-05-01 14:01:49,127 [Action      ] DEBUG    Calling VILLAGE construction on node (q: 0, r:-4).
2024-05-01 14:01:49,128 [Action      ] DEBUG    VILLAGE construction is successful.
2024-05-01 14:01:49,128 [GameBoard   ] DEBUG    State has been changed to: 
NoneLI5:2OL4:3MJ3:3LO3:4NH2:4KN0:5JM0:5PJ4:6KK3:6NN2:8OI3:8JP1:9MM2:9HN2:10NK1:10IO0:11LL0:11JJ4:12IL1/OK01:PI11:LH11:LN21:LK21:JI31:JQ31/OK-PK0:PI-QI1:LM-LN2:IQ-JQ3:KL-LK2:IJ-JI3/10.30.00.40.20:10.30.00.40.20:10.30.00.40.20:10.30.00.40.20/LP-MO3:IJ-JI0:OH-PH2:OM-PLX:QI-QJX:LH-MH4:HO-HPX:HL-HMX:IQ-JQ1
2024-05-01 14:01:49,128 [GameBoard   ] DEBUG    The current turn number is now 2
2024-05-01 14:01:49,600 [GameBoard   ] DEBUG    ------- SIMULATION ENDS -------
2024-05-01 14:01:49,601 [GameBoard   ] DEBUG    State has been set as follows: 
NoneLI5:2OL4:3MJ3:3LO3:4NH2:4KN0:5JM0:5PJ4:6KK3:6NN2:8OI3:8JP1:9MM2:9HN2:10NK1:10IO0:11LL0:11JJ4:12IL1/OK01:PI11:LN21:LK21:JI31:JQ31/OK-PK0:PI-QI1:LM-LN2:IQ-JQ3:KL-LK2:IJ-JI3/10.30.00.40.20:10.30.00.40.20:10.30.00.40.20:10.30.00.40.20/LP-MO3:IJ-JI0:OH-PH2:OM-PLX:QI-QJX:LH-MH4:HO-HPX:HL-HMX:IQ-JQ1
2024-05-01 14:01:49,601 [GameBoard   ] DEBUG    The current turn number is now 2
2024-05-01 14:01:50,076 [GameBoard   ] DEBUG    Player's yield: [(<Resource.LUMBER: 0>, 0), (<Resource.BRICK: 1>, 0), (<Resource.WOOL: 2>, 0), (<Resource.GRAIN: 3>, 0), (<Resource.ORE: 4>, 1)] on roll 4
2024-05-01 14:01:50,076 [GameBoard   ] DEBUG    Player's yield: [(<Resource.LUMBER: 0>, 0), (<Resource.BRICK: 1>, 0), (<Resource.WOOL: 2>, 0), (<Resource.GRAIN: 3>, 1), (<Resource.ORE: 4>, 0)] on roll 7
2024-05-01 14:01:50,076 [GameBoard   ] DEBUG    Expected earning per turn: 0.41666666666666663
2024-05-01 14:01:50,077 [GameBoard   ] DEBUG    ------- SIMULATION START: (VILLAGE(q: -5, r:2),) -------
2024-05-01 14:01:50,077 [GameBoard   ] DEBUG    State has been set as follows: 
NoneLI5:2OL4:3MJ3:3LO3:4NH2:4KN0:5JM0:5PJ4:6KK3:6NN2:8OI3:8JP1:9MM2:9HN2:10NK1:10IO0:11LL0:11JJ4:12IL1/OK01:PI11:LN21:LK21:JI31:JQ31/OK-PK0:PI-QI1:LM-LN2:IQ-JQ3:KL-LK2:IJ-JI3/10.30.00.40.20:10.30.00.40.20:10.30.00.40.20:10.30.00.40.20/LP-MO3:IJ-JI0:OH-PH2:OM-PLX:QI-QJX:LH-MH4:HO-HPX:HL-HMX:IQ-JQ1
2024-05-01 14:01:50,077 [GameBoard   ] DEBUG    The current turn number is now 2
2024-05-01 14:01:50,549 [Action      ] DEBUG    Calling VILLAGE construction on node (q: -5, r:2).
2024-05-01 14:01:50,549 [Action      ] DEBUG    VILLAGE construction is successful.
2024-05-01 14:01:50,549 [GameBoard   ] DEBUG    State has been changed to: 
NoneLI5:2OL4:3MJ3:3LO3:4NH2:4KN0:5JM0:5PJ4:6KK3:6NN2:8OI3:8JP1:9MM2:9HN2:10NK1:10IO0:11LL0:11JJ4:12IL1/OK01:PI11:LN21:GN11:LK21:JI31:JQ31/OK-PK0:PI-QI1:LM-LN2:IQ-JQ3:KL-LK2:IJ-JI3/10.30.00.40.20:10.30.00.40.20:10.30.00.40.20:10.30.00.40.20/LP-MO3:IJ-JI0:OH-PH2:OM-PLX:QI-QJX:LH-MH4:HO-HPX:HL-HMX:IQ-JQ1
2024-05-01 14:01:50,549 [GameBoard   ] DEBUG    The current turn number is now 2
2024-05-01 14:01:51,024 [GameBoard   ] DEBUG    ------- SIMULATION ENDS -------
2024-05-01 14:01:51,025 [GameBoard   ] DEBUG    State has been set as follows: 
NoneLI5:2OL4:3MJ3:3LO3:4NH2:4KN0:5JM0:5PJ4:6KK3:6NN2:8OI3:8JP1:9MM2:9HN2:10NK1:10IO0:11LL0:11JJ4:12IL1/OK01:PI11:LN21:LK21:JI31:JQ31/OK-PK0:PI-QI1:LM-LN2:IQ-JQ3:KL-LK2:IJ-JI3/10.30.00.40.20:10.30.00.40.20:10.30.00.40.20:10.30.00.40.20/LP-MO3:IJ-JI0:OH-PH2:OM-PLX:QI-QJX:LH-MH4:HO-HPX:HL-HMX:IQ-JQ1
2024-05-01 14:01:51,025 [GameBoard   ] DEBUG    The current turn number is now 2
2024-05-01 14:01:51,499 [GameBoard   ] DEBUG    Player's yield: [(<Resource.LUMBER: 0>, 0), (<Resource.BRICK: 1>, 0), (<Resource.WOOL: 2>, 0), (<Resource.GRAIN: 3>, 0), (<Resource.ORE: 4>, 1)] on roll 4
2024-05-01 14:01:51,500 [GameBoard   ] DEBUG    Player's yield: [(<Resource.LUMBER: 0>, 0), (<Resource.BRICK: 1>, 0), (<Resource.WOOL: 2>, 0), (<Resource.GRAIN: 3>, 1), (<Resource.ORE: 4>, 0)] on roll 7
2024-05-01 14:01:51,500 [GameBoard   ] DEBUG    Expected earning per turn: 0.41666666666666663
2024-05-01 14:01:51,500 [GameBoard   ] DEBUG    ------- SIMULATION START: (VILLAGE(q: 1, r:0),) -------
2024-05-01 14:01:51,500 [GameBoard   ] DEBUG    State has been set as follows: 
NoneLI5:2OL4:3MJ3:3LO3:4NH2:4KN0:5JM0:5PJ4:6KK3:6NN2:8OI3:8JP1:9MM2:9HN2:10NK1:10IO0:11LL0:11JJ4:12IL1/OK01:PI11:LN21:LK21:JI31:JQ31/OK-PK0:PI-QI1:LM-LN2:IQ-JQ3:KL-LK2:IJ-JI3/10.30.00.40.20:10.30.00.40.20:10.30.00.40.20:10.30.00.40.20/LP-MO3:IJ-JI0:OH-PH2:OM-PLX:QI-QJX:LH-MH4:HO-HPX:HL-HMX:IQ-JQ1
2024-05-01 14:01:51,500 [GameBoard   ] DEBUG    The current turn number is now 2
2024-05-01 14:01:51,976 [Action      ] DEBUG    Calling VILLAGE construction on node (q: 1, r:0).
2024-05-01 14:01:51,976 [Action      ] DEBUG    VILLAGE construction is successful.
2024-05-01 14:01:51,976 [GameBoard   ] DEBUG    State has been changed to: 
NoneLI5:2OL4:3MJ3:3LO3:4NH2:4KN0:5JM0:5PJ4:6KK3:6NN2:8OI3:8JP1:9MM2:9HN2:10NK1:10IO0:11LL0:11JJ4:12IL1/OK01:PI11:LN21:ML11:LK21:JI31:JQ31/OK-PK0:PI-QI1:LM-LN2:IQ-JQ3:KL-LK2:IJ-JI3/10.30.00.40.20:10.30.00.40.20:10.30.00.40.20:10.30.00.40.20/LP-MO3:IJ-JI0:OH-PH2:OM-PLX:QI-QJX:LH-MH4:HO-HPX:HL-HMX:IQ-JQ1
2024-05-01 14:01:51,976 [GameBoard   ] DEBUG    The current turn number is now 2
2024-05-01 14:01:52,459 [GameBoard   ] DEBUG    ------- SIMULATION ENDS -------
2024-05-01 14:01:52,460 [GameBoard   ] DEBUG    State has been set as follows: 
NoneLI5:2OL4:3MJ3:3LO3:4NH2:4KN0:5JM0:5PJ4:6KK3:6NN2:8OI3:8JP1:9MM2:9HN2:10NK1:10IO0:11LL0:11JJ4:12IL1/OK01:PI11:LN21:LK21:JI31:JQ31/OK-PK0:PI-QI1:LM-LN2:IQ-JQ3:KL-LK2:IJ-JI3/10.30.00.40.20:10.30.00.40.20:10.30.00.40.20:10.30.00.40.20/LP-MO3:IJ-JI0:OH-PH2:OM-PLX:QI-QJX:LH-MH4:HO-HPX:HL-HMX:IQ-JQ1
2024-05-01 14:01:52,460 [GameBoard   ] DEBUG    The current turn number is now 2
2024-05-01 14:01:52,935 [GameBoard   ] DEBUG    Player's yield: [(<Resource.LUMBER: 0>, 0), (<Resource.BRICK: 1>, 0), (<Resource.WOOL: 2>, 0), (<Resource.GRAIN: 3>, 0), (<Resource.ORE: 4>, 1)] on roll 4
2024-05-01 14:01:52,935 [GameBoard   ] DEBUG    Player's yield: [(<Resource.LUMBER: 0>, 0), (<Resource.BRICK: 1>, 0), (<Resource.WOOL: 2>, 0), (<Resource.GRAIN: 3>, 1), (<Resource.ORE: 4>, 0)] on roll 7
2024-05-01 14:01:52,935 [GameBoard   ] DEBUG    Expected earning per turn: 0.41666666666666663
2024-05-01 14:01:52,935 [GameBoard   ] DEBUG    ------- SIMULATION START: (VILLAGE(q: -2, r:3),) -------
2024-05-01 14:01:52,935 [GameBoard   ] DEBUG    State has been set as follows: 
NoneLI5:2OL4:3MJ3:3LO3:4NH2:4KN0:5JM0:5PJ4:6KK3:6NN2:8OI3:8JP1:9MM2:9HN2:10NK1:10IO0:11LL0:11JJ4:12IL1/OK01:PI11:LN21:LK21:JI31:JQ31/OK-PK0:PI-QI1:LM-LN2:IQ-JQ3:KL-LK2:IJ-JI3/10.30.00.40.20:10.30.00.40.20:10.30.00.40.20:10.30.00.40.20/LP-MO3:IJ-JI0:OH-PH2:OM-PLX:QI-QJX:LH-MH4:HO-HPX:HL-HMX:IQ-JQ1
2024-05-01 14:01:52,935 [GameBoard   ] DEBUG    The current turn number is now 2
2024-05-01 14:01:53,409 [Action      ] DEBUG    Calling VILLAGE construction on node (q: -2, r:3).
2024-05-01 14:01:53,409 [Action      ] DEBUG    VILLAGE construction is successful.
2024-05-01 14:01:53,409 [GameBoard   ] DEBUG    State has been changed to: 
NoneLI5:2OL4:3MJ3:3LO3:4NH2:4KN0:5JM0:5PJ4:6KK3:6NN2:8OI3:8JP1:9MM2:9HN2:10NK1:10IO0:11LL0:11JJ4:12IL1/OK01:PI11:LN21:LK21:JI31:JO11:JQ31/OK-PK0:PI-QI1:LM-LN2:IQ-JQ3:KL-LK2:IJ-JI3/10.30.00.40.20:10.30.00.40.20:10.30.00.40.20:10.30.00.40.20/LP-MO3:IJ-JI0:OH-PH2:OM-PLX:QI-QJX:LH-MH4:HO-HPX:HL-HMX:IQ-JQ1
2024-05-01 14:01:53,409 [GameBoard   ] DEBUG    The current turn number is now 2
2024-05-01 14:01:53,882 [GameBoard   ] DEBUG    ------- SIMULATION ENDS -------
2024-05-01 14:01:53,884 [GameBoard   ] DEBUG    State has been set as follows: 
NoneLI5:2OL4:3MJ3:3LO3:4NH2:4KN0:5JM0:5PJ4:6KK3:6NN2:8OI3:8JP1:9MM2:9HN2:10NK1:10IO0:11LL0:11JJ4:12IL1/OK01:PI11:LN21:LK21:JI31:JQ31/OK-PK0:PI-QI1:LM-LN2:IQ-JQ3:KL-LK2:IJ-JI3/10.30.00.40.20:10.30.00.40.20:10.30.00.40.20:10.30.00.40.20/LP-MO3:IJ-JI0:OH-PH2:OM-PLX:QI-QJX:LH-MH4:HO-HPX:HL-HMX:IQ-JQ1
2024-05-01 14:01:53,884 [GameBoard   ] DEBUG    The current turn number is now 2
2024-05-01 14:01:54,363 [GameBoard   ] DEBUG    Player's yield: [(<Resource.LUMBER: 0>, 0), (<Resource.BRICK: 1>, 0), (<Resource.WOOL: 2>, 0), (<Resource.GRAIN: 3>, 0), (<Resource.ORE: 4>, 1)] on roll 4
2024-05-01 14:01:54,363 [GameBoard   ] DEBUG    Player's yield: [(<Resource.LUMBER: 0>, 0), (<Resource.BRICK: 1>, 0), (<Resource.WOOL: 2>, 0), (<Resource.GRAIN: 3>, 1), (<Resource.ORE: 4>, 0)] on roll 7
2024-05-01 14:01:54,363 [GameBoard   ] DEBUG    Expected earning per turn: 0.41666666666666663
2024-05-01 14:01:54,363 [GameBoard   ] DEBUG    ------- SIMULATION START: (VILLAGE(q: -2, r:2),) -------
2024-05-01 14:01:54,363 [GameBoard   ] DEBUG    State has been set as follows: 
NoneLI5:2OL4:3MJ3:3LO3:4NH2:4KN0:5JM0:5PJ4:6KK3:6NN2:8OI3:8JP1:9MM2:9HN2:10NK1:10IO0:11LL0:11JJ4:12IL1/OK01:PI11:LN21:LK21:JI31:JQ31/OK-PK0:PI-QI1:LM-LN2:IQ-JQ3:KL-LK2:IJ-JI3/10.30.00.40.20:10.30.00.40.20:10.30.00.40.20:10.30.00.40.20/LP-MO3:IJ-JI0:OH-PH2:OM-PLX:QI-QJX:LH-MH4:HO-HPX:HL-HMX:IQ-JQ1
2024-05-01 14:01:54,363 [GameBoard   ] DEBUG    The current turn number is now 2
2024-05-01 14:01:54,839 [Action      ] DEBUG    Calling VILLAGE construction on node (q: -2, r:2).
2024-05-01 14:01:54,839 [Action      ] DEBUG    VILLAGE construction is successful.
2024-05-01 14:01:54,839 [GameBoard   ] DEBUG    State has been changed to: 
NoneLI5:2OL4:3MJ3:3LO3:4NH2:4KN0:5JM0:5PJ4:6KK3:6NN2:8OI3:8JP1:9MM2:9HN2:10NK1:10IO0:11LL0:11JJ4:12IL1/OK01:PI11:LN21:LK21:JI31:JN11:JQ31/OK-PK0:PI-QI1:LM-LN2:IQ-JQ3:KL-LK2:IJ-JI3/10.30.00.40.20:10.30.00.40.20:10.30.00.40.20:10.30.00.40.20/LP-MO3:IJ-JI0:OH-PH2:OM-PLX:QI-QJX:LH-MH4:HO-HPX:HL-HMX:IQ-JQ1
2024-05-01 14:01:54,839 [GameBoard   ] DEBUG    The current turn number is now 2
2024-05-01 14:01:55,318 [GameBoard   ] DEBUG    ------- SIMULATION ENDS -------
2024-05-01 14:01:55,320 [GameBoard   ] DEBUG    State has been set as follows: 
NoneLI5:2OL4:3MJ3:3LO3:4NH2:4KN0:5JM0:5PJ4:6KK3:6NN2:8OI3:8JP1:9MM2:9HN2:10NK1:10IO0:11LL0:11JJ4:12IL1/OK01:PI11:LN21:LK21:JI31:JQ31/OK-PK0:PI-QI1:LM-LN2:IQ-JQ3:KL-LK2:IJ-JI3/10.30.00.40.20:10.30.00.40.20:10.30.00.40.20:10.30.00.40.20/LP-MO3:IJ-JI0:OH-PH2:OM-PLX:QI-QJX:LH-MH4:HO-HPX:HL-HMX:IQ-JQ1
2024-05-01 14:01:55,320 [GameBoard   ] DEBUG    The current turn number is now 2
2024-05-01 14:01:55,803 [GameBoard   ] DEBUG    Player's yield: [(<Resource.LUMBER: 0>, 0), (<Resource.BRICK: 1>, 0), (<Resource.WOOL: 2>, 0), (<Resource.GRAIN: 3>, 0), (<Resource.ORE: 4>, 1)] on roll 4
2024-05-01 14:01:55,803 [GameBoard   ] DEBUG    Player's yield: [(<Resource.LUMBER: 0>, 0), (<Resource.BRICK: 1>, 0), (<Resource.WOOL: 2>, 0), (<Resource.GRAIN: 3>, 1), (<Resource.ORE: 4>, 0)] on roll 7
2024-05-01 14:01:55,804 [GameBoard   ] DEBUG    Expected earning per turn: 0.41666666666666663
2024-05-01 14:01:55,804 [GameBoard   ] DEBUG    ------- SIMULATION START: (VILLAGE(q: 3, r:1),) -------
2024-05-01 14:01:55,804 [GameBoard   ] DEBUG    State has been set as follows: 
NoneLI5:2OL4:3MJ3:3LO3:4NH2:4KN0:5JM0:5PJ4:6KK3:6NN2:8OI3:8JP1:9MM2:9HN2:10NK1:10IO0:11LL0:11JJ4:12IL1/OK01:PI11:LN21:LK21:JI31:JQ31/OK-PK0:PI-QI1:LM-LN2:IQ-JQ3:KL-LK2:IJ-JI3/10.30.00.40.20:10.30.00.40.20:10.30.00.40.20:10.30.00.40.20/LP-MO3:IJ-JI0:OH-PH2:OM-PLX:QI-QJX:LH-MH4:HO-HPX:HL-HMX:IQ-JQ1
2024-05-01 14:01:55,804 [GameBoard   ] DEBUG    The current turn number is now 2
2024-05-01 14:01:56,286 [Action      ] DEBUG    Calling VILLAGE construction on node (q: 3, r:1).
2024-05-01 14:01:56,286 [Action      ] DEBUG    VILLAGE construction is successful.
2024-05-01 14:01:56,286 [GameBoard   ] DEBUG    State has been changed to: 
NoneLI5:2OL4:3MJ3:3LO3:4NH2:4KN0:5JM0:5PJ4:6KK3:6NN2:8OI3:8JP1:9MM2:9HN2:10NK1:10IO0:11LL0:11JJ4:12IL1/OK01:PI11:OM11:LN21:LK21:JI31:JQ31/OK-PK0:PI-QI1:LM-LN2:IQ-JQ3:KL-LK2:IJ-JI3/10.30.00.40.20:10.30.00.40.20:10.30.00.40.20:10.30.00.40.20/LP-MO3:IJ-JI0:OH-PH2:OM-PLX:QI-QJX:LH-MH4:HO-HPX:HL-HMX:IQ-JQ1
2024-05-01 14:01:56,286 [GameBoard   ] DEBUG    The current turn number is now 2
2024-05-01 14:01:56,767 [GameBoard   ] DEBUG    ------- SIMULATION ENDS -------
2024-05-01 14:01:56,768 [GameBoard   ] DEBUG    State has been set as follows: 
NoneLI5:2OL4:3MJ3:3LO3:4NH2:4KN0:5JM0:5PJ4:6KK3:6NN2:8OI3:8JP1:9MM2:9HN2:10NK1:10IO0:11LL0:11JJ4:12IL1/OK01:PI11:LN21:LK21:JI31:JQ31/OK-PK0:PI-QI1:LM-LN2:IQ-JQ3:KL-LK2:IJ-JI3/10.30.00.40.20:10.30.00.40.20:10.30.00.40.20:10.30.00.40.20/LP-MO3:IJ-JI0:OH-PH2:OM-PLX:QI-QJX:LH-MH4:HO-HPX:HL-HMX:IQ-JQ1
2024-05-01 14:01:56,768 [GameBoard   ] DEBUG    The current turn number is now 2
2024-05-01 14:01:57,253 [GameBoard   ] DEBUG    Player's yield: [(<Resource.LUMBER: 0>, 0), (<Resource.BRICK: 1>, 0), (<Resource.WOOL: 2>, 0), (<Resource.GRAIN: 3>, 0), (<Resource.ORE: 4>, 1)] on roll 4
2024-05-01 14:01:57,253 [GameBoard   ] DEBUG    Player's yield: [(<Resource.LUMBER: 0>, 0), (<Resource.BRICK: 1>, 0), (<Resource.WOOL: 2>, 0), (<Resource.GRAIN: 3>, 1), (<Resource.ORE: 4>, 0)] on roll 7
2024-05-01 14:01:57,253 [GameBoard   ] DEBUG    Expected earning per turn: 0.41666666666666663
2024-05-01 14:01:57,253 [GameBoard   ] DEBUG    ------- SIMULATION START: (VILLAGE(q: -1, r:-2),) -------
2024-05-01 14:01:57,253 [GameBoard   ] DEBUG    State has been set as follows: 
NoneLI5:2OL4:3MJ3:3LO3:4NH2:4KN0:5JM0:5PJ4:6KK3:6NN2:8OI3:8JP1:9MM2:9HN2:10NK1:10IO0:11LL0:11JJ4:12IL1/OK01:PI11:LN21:LK21:JI31:JQ31/OK-PK0:PI-QI1:LM-LN2:IQ-JQ3:KL-LK2:IJ-JI3/10.30.00.40.20:10.30.00.40.20:10.30.00.40.20:10.30.00.40.20/LP-MO3:IJ-JI0:OH-PH2:OM-PLX:QI-QJX:LH-MH4:HO-HPX:HL-HMX:IQ-JQ1
2024-05-01 14:01:57,253 [GameBoard   ] DEBUG    The current turn number is now 2
2024-05-01 14:01:57,734 [Action      ] DEBUG    Calling VILLAGE construction on node (q: -1, r:-2).
2024-05-01 14:01:57,734 [Action      ] DEBUG    VILLAGE construction is successful.
2024-05-01 14:01:57,734 [GameBoard   ] DEBUG    State has been changed to: 
NoneLI5:2OL4:3MJ3:3LO3:4NH2:4KN0:5JM0:5PJ4:6KK3:6NN2:8OI3:8JP1:9MM2:9HN2:10NK1:10IO0:11LL0:11JJ4:12IL1/OK01:PI11:LN21:KJ11:LK21:JI31:JQ31/OK-PK0:PI-QI1:LM-LN2:IQ-JQ3:KL-LK2:IJ-JI3/10.30.00.40.20:10.30.00.40.20:10.30.00.40.20:10.30.00.40.20/LP-MO3:IJ-JI0:OH-PH2:OM-PLX:QI-QJX:LH-MH4:HO-HPX:HL-HMX:IQ-JQ1
2024-05-01 14:01:57,734 [GameBoard   ] DEBUG    The current turn number is now 2
2024-05-01 14:01:58,236 [GameBoard   ] DEBUG    ------- SIMULATION ENDS -------
2024-05-01 14:01:58,237 [GameBoard   ] DEBUG    State has been set as follows: 
NoneLI5:2OL4:3MJ3:3LO3:4NH2:4KN0:5JM0:5PJ4:6KK3:6NN2:8OI3:8JP1:9MM2:9HN2:10NK1:10IO0:11LL0:11JJ4:12IL1/OK01:PI11:LN21:LK21:JI31:JQ31/OK-PK0:PI-QI1:LM-LN2:IQ-JQ3:KL-LK2:IJ-JI3/10.30.00.40.20:10.30.00.40.20:10.30.00.40.20:10.30.00.40.20/LP-MO3:IJ-JI0:OH-PH2:OM-PLX:QI-QJX:LH-MH4:HO-HPX:HL-HMX:IQ-JQ1
2024-05-01 14:01:58,237 [GameBoard   ] DEBUG    The current turn number is now 2
2024-05-01 14:01:58,784 [GameBoard   ] DEBUG    Player's yield: [(<Resource.LUMBER: 0>, 0), (<Resource.BRICK: 1>, 0), (<Resource.WOOL: 2>, 0), (<Resource.GRAIN: 3>, 0), (<Resource.ORE: 4>, 1)] on roll 4
2024-05-01 14:01:58,784 [GameBoard   ] DEBUG    Player's yield: [(<Resource.LUMBER: 0>, 0), (<Resource.BRICK: 1>, 0), (<Resource.WOOL: 2>, 0), (<Resource.GRAIN: 3>, 1), (<Resource.ORE: 4>, 0)] on roll 7
2024-05-01 14:01:58,784 [GameBoard   ] DEBUG    Expected earning per turn: 0.41666666666666663
2024-05-01 14:01:58,784 [GameBoard   ] DEBUG    ------- SIMULATION START: (VILLAGE(q: 3, r:-5),) -------
2024-05-01 14:01:58,785 [GameBoard   ] DEBUG    State has been set as follows: 
NoneLI5:2OL4:3MJ3:3LO3:4NH2:4KN0:5JM0:5PJ4:6KK3:6NN2:8OI3:8JP1:9MM2:9HN2:10NK1:10IO0:11LL0:11JJ4:12IL1/OK01:PI11:LN21:LK21:JI31:JQ31/OK-PK0:PI-QI1:LM-LN2:IQ-JQ3:KL-LK2:IJ-JI3/10.30.00.40.20:10.30.00.40.20:10.30.00.40.20:10.30.00.40.20/LP-MO3:IJ-JI0:OH-PH2:OM-PLX:QI-QJX:LH-MH4:HO-HPX:HL-HMX:IQ-JQ1
2024-05-01 14:01:58,785 [GameBoard   ] DEBUG    The current turn number is now 2
2024-05-01 14:01:59,263 [Action      ] DEBUG    Calling VILLAGE construction on node (q: 3, r:-5).
2024-05-01 14:01:59,263 [Action      ] DEBUG    VILLAGE construction is successful.
2024-05-01 14:01:59,263 [GameBoard   ] DEBUG    State has been changed to: 
NoneLI5:2OL4:3MJ3:3LO3:4NH2:4KN0:5JM0:5PJ4:6KK3:6NN2:8OI3:8JP1:9MM2:9HN2:10NK1:10IO0:11LL0:11JJ4:12IL1/OG11:OK01:PI11:LN21:LK21:JI31:JQ31/OK-PK0:PI-QI1:LM-LN2:IQ-JQ3:KL-LK2:IJ-JI3/10.30.00.40.20:10.30.00.40.20:10.30.00.40.20:10.30.00.40.20/LP-MO3:IJ-JI0:OH-PH2:OM-PLX:QI-QJX:LH-MH4:HO-HPX:HL-HMX:IQ-JQ1
2024-05-01 14:01:59,263 [GameBoard   ] DEBUG    The current turn number is now 2
2024-05-01 14:01:59,741 [GameBoard   ] DEBUG    ------- SIMULATION ENDS -------
2024-05-01 14:01:59,742 [GameBoard   ] DEBUG    State has been set as follows: 
NoneLI5:2OL4:3MJ3:3LO3:4NH2:4KN0:5JM0:5PJ4:6KK3:6NN2:8OI3:8JP1:9MM2:9HN2:10NK1:10IO0:11LL0:11JJ4:12IL1/OK01:PI11:LN21:LK21:JI31:JQ31/OK-PK0:PI-QI1:LM-LN2:IQ-JQ3:KL-LK2:IJ-JI3/10.30.00.40.20:10.30.00.40.20:10.30.00.40.20:10.30.00.40.20/LP-MO3:IJ-JI0:OH-PH2:OM-PLX:QI-QJX:LH-MH4:HO-HPX:HL-HMX:IQ-JQ1
2024-05-01 14:01:59,742 [GameBoard   ] DEBUG    The current turn number is now 2
2024-05-01 14:02:00,218 [GameBoard   ] DEBUG    Player's yield: [(<Resource.LUMBER: 0>, 0), (<Resource.BRICK: 1>, 0), (<Resource.WOOL: 2>, 0), (<Resource.GRAIN: 3>, 0), (<Resource.ORE: 4>, 1)] on roll 4
2024-05-01 14:02:00,218 [GameBoard   ] DEBUG    Player's yield: [(<Resource.LUMBER: 0>, 0), (<Resource.BRICK: 1>, 0), (<Resource.WOOL: 2>, 0), (<Resource.GRAIN: 3>, 1), (<Resource.ORE: 4>, 0)] on roll 7
2024-05-01 14:02:00,219 [GameBoard   ] DEBUG    Expected earning per turn: 0.41666666666666663
2024-05-01 14:02:00,219 [GameBoard   ] DEBUG    ------- SIMULATION START: (VILLAGE(q: -2, r:2),) -------
2024-05-01 14:02:00,219 [GameBoard   ] DEBUG    State has been set as follows: 
NoneLI5:2OL4:3MJ3:3LO3:4NH2:4KN0:5JM0:5PJ4:6KK3:6NN2:8OI3:8JP1:9MM2:9HN2:10NK1:10IO0:11LL0:11JJ4:12IL1/OK01:PI11:LN21:LK21:JI31:JQ31/OK-PK0:PI-QI1:LM-LN2:IQ-JQ3:KL-LK2:IJ-JI3/10.30.00.40.20:10.30.00.40.20:10.30.00.40.20:10.30.00.40.20/LP-MO3:IJ-JI0:OH-PH2:OM-PLX:QI-QJX:LH-MH4:HO-HPX:HL-HMX:IQ-JQ1
2024-05-01 14:02:00,219 [GameBoard   ] DEBUG    The current turn number is now 2
2024-05-01 14:02:00,696 [Action      ] DEBUG    Calling VILLAGE construction on node (q: -2, r:2).
2024-05-01 14:02:00,696 [Action      ] DEBUG    VILLAGE construction is successful.
2024-05-01 14:02:00,697 [GameBoard   ] DEBUG    State has been changed to: 
NoneLI5:2OL4:3MJ3:3LO3:4NH2:4KN0:5JM0:5PJ4:6KK3:6NN2:8OI3:8JP1:9MM2:9HN2:10NK1:10IO0:11LL0:11JJ4:12IL1/OK01:PI11:LN21:LK21:JI31:JN11:JQ31/OK-PK0:PI-QI1:LM-LN2:IQ-JQ3:KL-LK2:IJ-JI3/10.30.00.40.20:10.30.00.40.20:10.30.00.40.20:10.30.00.40.20/LP-MO3:IJ-JI0:OH-PH2:OM-PLX:QI-QJX:LH-MH4:HO-HPX:HL-HMX:IQ-JQ1
2024-05-01 14:02:00,697 [GameBoard   ] DEBUG    The current turn number is now 2
2024-05-01 14:02:01,171 [GameBoard   ] DEBUG    ------- SIMULATION ENDS -------
2024-05-01 14:02:01,172 [GameBoard   ] DEBUG    State has been set as follows: 
NoneLI5:2OL4:3MJ3:3LO3:4NH2:4KN0:5JM0:5PJ4:6KK3:6NN2:8OI3:8JP1:9MM2:9HN2:10NK1:10IO0:11LL0:11JJ4:12IL1/OK01:PI11:LN21:LK21:JI31:JQ31/OK-PK0:PI-QI1:LM-LN2:IQ-JQ3:KL-LK2:IJ-JI3/10.30.00.40.20:10.30.00.40.20:10.30.00.40.20:10.30.00.40.20/LP-MO3:IJ-JI0:OH-PH2:OM-PLX:QI-QJX:LH-MH4:HO-HPX:HL-HMX:IQ-JQ1
2024-05-01 14:02:01,172 [GameBoard   ] DEBUG    The current turn number is now 2
2024-05-01 14:02:01,652 [GameBoard   ] DEBUG    Player's yield: [(<Resource.LUMBER: 0>, 0), (<Resource.BRICK: 1>, 0), (<Resource.WOOL: 2>, 0), (<Resource.GRAIN: 3>, 0), (<Resource.ORE: 4>, 1)] on roll 4
2024-05-01 14:02:01,652 [GameBoard   ] DEBUG    Player's yield: [(<Resource.LUMBER: 0>, 0), (<Resource.BRICK: 1>, 0), (<Resource.WOOL: 2>, 0), (<Resource.GRAIN: 3>, 1), (<Resource.ORE: 4>, 0)] on roll 7
2024-05-01 14:02:01,653 [GameBoard   ] DEBUG    Expected earning per turn: 0.41666666666666663
2024-05-01 14:02:01,653 [GameBoard   ] DEBUG    ------- SIMULATION START: (VILLAGE(q: 0, r:4),) -------
2024-05-01 14:02:01,653 [GameBoard   ] DEBUG    State has been set as follows: 
NoneLI5:2OL4:3MJ3:3LO3:4NH2:4KN0:5JM0:5PJ4:6KK3:6NN2:8OI3:8JP1:9MM2:9HN2:10NK1:10IO0:11LL0:11JJ4:12IL1/OK01:PI11:LN21:LK21:JI31:JQ31/OK-PK0:PI-QI1:LM-LN2:IQ-JQ3:KL-LK2:IJ-JI3/10.30.00.40.20:10.30.00.40.20:10.30.00.40.20:10.30.00.40.20/LP-MO3:IJ-JI0:OH-PH2:OM-PLX:QI-QJX:LH-MH4:HO-HPX:HL-HMX:IQ-JQ1
2024-05-01 14:02:01,653 [GameBoard   ] DEBUG    The current turn number is now 2
2024-05-01 14:02:02,125 [Action      ] DEBUG    Calling VILLAGE construction on node (q: 0, r:4).
2024-05-01 14:02:02,126 [Action      ] DEBUG    VILLAGE construction is successful.
2024-05-01 14:02:02,126 [GameBoard   ] DEBUG    State has been changed to: 
NoneLI5:2OL4:3MJ3:3LO3:4NH2:4KN0:5JM0:5PJ4:6KK3:6NN2:8OI3:8JP1:9MM2:9HN2:10NK1:10IO0:11LL0:11JJ4:12IL1/OK01:PI11:LN21:LK21:LP11:JI31:JQ31/OK-PK0:PI-QI1:LM-LN2:IQ-JQ3:KL-LK2:IJ-JI3/10.30.00.40.20:10.30.00.40.20:10.30.00.40.20:10.30.00.40.20/LP-MO3:IJ-JI0:OH-PH2:OM-PLX:QI-QJX:LH-MH4:HO-HPX:HL-HMX:IQ-JQ1
2024-05-01 14:02:02,126 [GameBoard   ] DEBUG    The current turn number is now 2
2024-05-01 14:02:02,613 [GameBoard   ] DEBUG    ------- SIMULATION ENDS -------
2024-05-01 14:02:02,615 [GameBoard   ] DEBUG    State has been set as follows: 
NoneLI5:2OL4:3MJ3:3LO3:4NH2:4KN0:5JM0:5PJ4:6KK3:6NN2:8OI3:8JP1:9MM2:9HN2:10NK1:10IO0:11LL0:11JJ4:12IL1/OK01:PI11:LN21:LK21:JI31:JQ31/OK-PK0:PI-QI1:LM-LN2:IQ-JQ3:KL-LK2:IJ-JI3/10.30.00.40.20:10.30.00.40.20:10.30.00.40.20:10.30.00.40.20/LP-MO3:IJ-JI0:OH-PH2:OM-PLX:QI-QJX:LH-MH4:HO-HPX:HL-HMX:IQ-JQ1
2024-05-01 14:02:02,615 [GameBoard   ] DEBUG    The current turn number is now 2
2024-05-01 14:02:03,103 [GameBoard   ] DEBUG    Player's yield: [(<Resource.LUMBER: 0>, 0), (<Resource.BRICK: 1>, 0), (<Resource.WOOL: 2>, 0), (<Resource.GRAIN: 3>, 0), (<Resource.ORE: 4>, 1)] on roll 4
2024-05-01 14:02:03,104 [GameBoard   ] DEBUG    Player's yield: [(<Resource.LUMBER: 0>, 0), (<Resource.BRICK: 1>, 0), (<Resource.WOOL: 2>, 0), (<Resource.GRAIN: 3>, 1), (<Resource.ORE: 4>, 0)] on roll 7
2024-05-01 14:02:03,104 [GameBoard   ] DEBUG    Expected earning per turn: 0.41666666666666663
2024-05-01 14:02:03,104 [GameBoard   ] DEBUG    ------- SIMULATION START: (VILLAGE(q: 2, r:-2),) -------
2024-05-01 14:02:03,104 [GameBoard   ] DEBUG    State has been set as follows: 
NoneLI5:2OL4:3MJ3:3LO3:4NH2:4KN0:5JM0:5PJ4:6KK3:6NN2:8OI3:8JP1:9MM2:9HN2:10NK1:10IO0:11LL0:11JJ4:12IL1/OK01:PI11:LN21:LK21:JI31:JQ31/OK-PK0:PI-QI1:LM-LN2:IQ-JQ3:KL-LK2:IJ-JI3/10.30.00.40.20:10.30.00.40.20:10.30.00.40.20:10.30.00.40.20/LP-MO3:IJ-JI0:OH-PH2:OM-PLX:QI-QJX:LH-MH4:HO-HPX:HL-HMX:IQ-JQ1
2024-05-01 14:02:03,104 [GameBoard   ] DEBUG    The current turn number is now 2
2024-05-01 14:02:03,585 [Action      ] DEBUG    Calling VILLAGE construction on node (q: 2, r:-2).
2024-05-01 14:02:03,585 [Action      ] DEBUG    VILLAGE construction is successful.
2024-05-01 14:02:03,586 [GameBoard   ] DEBUG    State has been changed to: 
NoneLI5:2OL4:3MJ3:3LO3:4NH2:4KN0:5JM0:5PJ4:6KK3:6NN2:8OI3:8JP1:9MM2:9HN2:10NK1:10IO0:11LL0:11JJ4:12IL1/OK01:PI11:LN21:LK21:NJ11:JI31:JQ31/OK-PK0:PI-QI1:LM-LN2:IQ-JQ3:KL-LK2:IJ-JI3/10.30.00.40.20:10.30.00.40.20:10.30.00.40.20:10.30.00.40.20/LP-MO3:IJ-JI0:OH-PH2:OM-PLX:QI-QJX:LH-MH4:HO-HPX:HL-HMX:IQ-JQ1
2024-05-01 14:02:03,586 [GameBoard   ] DEBUG    The current turn number is now 2
2024-05-01 14:02:04,070 [GameBoard   ] DEBUG    ------- SIMULATION ENDS -------
2024-05-01 14:02:04,071 [GameBoard   ] DEBUG    State has been set as follows: 
NoneLI5:2OL4:3MJ3:3LO3:4NH2:4KN0:5JM0:5PJ4:6KK3:6NN2:8OI3:8JP1:9MM2:9HN2:10NK1:10IO0:11LL0:11JJ4:12IL1/OK01:PI11:LN21:LK21:JI31:JQ31/OK-PK0:PI-QI1:LM-LN2:IQ-JQ3:KL-LK2:IJ-JI3/10.30.00.40.20:10.30.00.40.20:10.30.00.40.20:10.30.00.40.20/LP-MO3:IJ-JI0:OH-PH2:OM-PLX:QI-QJX:LH-MH4:HO-HPX:HL-HMX:IQ-JQ1
2024-05-01 14:02:04,071 [GameBoard   ] DEBUG    The current turn number is now 2
2024-05-01 14:02:04,562 [GameBoard   ] DEBUG    Player's yield: [(<Resource.LUMBER: 0>, 0), (<Resource.BRICK: 1>, 0), (<Resource.WOOL: 2>, 0), (<Resource.GRAIN: 3>, 0), (<Resource.ORE: 4>, 1)] on roll 4
2024-05-01 14:02:04,562 [GameBoard   ] DEBUG    Player's yield: [(<Resource.LUMBER: 0>, 0), (<Resource.BRICK: 1>, 0), (<Resource.WOOL: 2>, 0), (<Resource.GRAIN: 3>, 1), (<Resource.ORE: 4>, 0)] on roll 7
2024-05-01 14:02:04,562 [GameBoard   ] DEBUG    Expected earning per turn: 0.41666666666666663
2024-05-01 14:02:04,562 [GameBoard   ] DEBUG    ------- SIMULATION START: (VILLAGE(q: 5, r:-2),) -------
2024-05-01 14:02:04,563 [GameBoard   ] DEBUG    State has been set as follows: 
NoneLI5:2OL4:3MJ3:3LO3:4NH2:4KN0:5JM0:5PJ4:6KK3:6NN2:8OI3:8JP1:9MM2:9HN2:10NK1:10IO0:11LL0:11JJ4:12IL1/OK01:PI11:LN21:LK21:JI31:JQ31/OK-PK0:PI-QI1:LM-LN2:IQ-JQ3:KL-LK2:IJ-JI3/10.30.00.40.20:10.30.00.40.20:10.30.00.40.20:10.30.00.40.20/LP-MO3:IJ-JI0:OH-PH2:OM-PLX:QI-QJX:LH-MH4:HO-HPX:HL-HMX:IQ-JQ1
2024-05-01 14:02:04,563 [GameBoard   ] DEBUG    The current turn number is now 2
2024-05-01 14:02:05,061 [Action      ] DEBUG    Calling VILLAGE construction on node (q: 5, r:-2).
2024-05-01 14:02:05,061 [Action      ] DEBUG    VILLAGE construction is successful.
2024-05-01 14:02:05,061 [GameBoard   ] DEBUG    State has been changed to: 
NoneLI5:2OL4:3MJ3:3LO3:4NH2:4KN0:5JM0:5PJ4:6KK3:6NN2:8OI3:8JP1:9MM2:9HN2:10NK1:10IO0:11LL0:11JJ4:12IL1/OK01:PI11:QJ11:LN21:LK21:JI31:JQ31/OK-PK0:PI-QI1:LM-LN2:IQ-JQ3:KL-LK2:IJ-JI3/10.30.00.40.20:10.30.00.40.20:10.30.00.40.20:10.30.00.40.20/LP-MO3:IJ-JI0:OH-PH2:OM-PLX:QI-QJX:LH-MH4:HO-HPX:HL-HMX:IQ-JQ1
2024-05-01 14:02:05,061 [GameBoard   ] DEBUG    The current turn number is now 2
2024-05-01 14:02:05,544 [GameBoard   ] DEBUG    ------- SIMULATION ENDS -------
2024-05-01 14:02:05,545 [GameBoard   ] DEBUG    State has been set as follows: 
NoneLI5:2OL4:3MJ3:3LO3:4NH2:4KN0:5JM0:5PJ4:6KK3:6NN2:8OI3:8JP1:9MM2:9HN2:10NK1:10IO0:11LL0:11JJ4:12IL1/OK01:PI11:LN21:LK21:JI31:JQ31/OK-PK0:PI-QI1:LM-LN2:IQ-JQ3:KL-LK2:IJ-JI3/10.30.00.40.20:10.30.00.40.20:10.30.00.40.20:10.30.00.40.20/LP-MO3:IJ-JI0:OH-PH2:OM-PLX:QI-QJX:LH-MH4:HO-HPX:HL-HMX:IQ-JQ1
2024-05-01 14:02:05,545 [GameBoard   ] DEBUG    The current turn number is now 2
2024-05-01 14:02:06,031 [GameBoard   ] DEBUG    Player's yield: [(<Resource.LUMBER: 0>, 0), (<Resource.BRICK: 1>, 0), (<Resource.WOOL: 2>, 0), (<Resource.GRAIN: 3>, 0), (<Resource.ORE: 4>, 1)] on roll 4
2024-05-01 14:02:06,031 [GameBoard   ] DEBUG    Player's yield: [(<Resource.LUMBER: 0>, 0), (<Resource.BRICK: 1>, 0), (<Resource.WOOL: 2>, 0), (<Resource.GRAIN: 3>, 1), (<Resource.ORE: 4>, 0)] on roll 7
2024-05-01 14:02:06,031 [GameBoard   ] DEBUG    Expected earning per turn: 0.41666666666666663
2024-05-01 14:02:06,031 [GameBoard   ] DEBUG    ------- SIMULATION START: (VILLAGE(q: -2, r:3),) -------
2024-05-01 14:02:06,031 [GameBoard   ] DEBUG    State has been set as follows: 
NoneLI5:2OL4:3MJ3:3LO3:4NH2:4KN0:5JM0:5PJ4:6KK3:6NN2:8OI3:8JP1:9MM2:9HN2:10NK1:10IO0:11LL0:11JJ4:12IL1/OK01:PI11:LN21:LK21:JI31:JQ31/OK-PK0:PI-QI1:LM-LN2:IQ-JQ3:KL-LK2:IJ-JI3/10.30.00.40.20:10.30.00.40.20:10.30.00.40.20:10.30.00.40.20/LP-MO3:IJ-JI0:OH-PH2:OM-PLX:QI-QJX:LH-MH4:HO-HPX:HL-HMX:IQ-JQ1
2024-05-01 14:02:06,031 [GameBoard   ] DEBUG    The current turn number is now 2
2024-05-01 14:02:06,528 [Action      ] DEBUG    Calling VILLAGE construction on node (q: -2, r:3).
2024-05-01 14:02:06,528 [Action      ] DEBUG    VILLAGE construction is successful.
2024-05-01 14:02:06,528 [GameBoard   ] DEBUG    State has been changed to: 
NoneLI5:2OL4:3MJ3:3LO3:4NH2:4KN0:5JM0:5PJ4:6KK3:6NN2:8OI3:8JP1:9MM2:9HN2:10NK1:10IO0:11LL0:11JJ4:12IL1/OK01:PI11:LN21:LK21:JI31:JO11:JQ31/OK-PK0:PI-QI1:LM-LN2:IQ-JQ3:KL-LK2:IJ-JI3/10.30.00.40.20:10.30.00.40.20:10.30.00.40.20:10.30.00.40.20/LP-MO3:IJ-JI0:OH-PH2:OM-PLX:QI-QJX:LH-MH4:HO-HPX:HL-HMX:IQ-JQ1
2024-05-01 14:02:06,528 [GameBoard   ] DEBUG    The current turn number is now 2
2024-05-01 14:02:07,010 [GameBoard   ] DEBUG    ------- SIMULATION ENDS -------
2024-05-01 14:02:07,011 [GameBoard   ] DEBUG    State has been set as follows: 
NoneLI5:2OL4:3MJ3:3LO3:4NH2:4KN0:5JM0:5PJ4:6KK3:6NN2:8OI3:8JP1:9MM2:9HN2:10NK1:10IO0:11LL0:11JJ4:12IL1/OK01:PI11:LN21:LK21:JI31:JQ31/OK-PK0:PI-QI1:LM-LN2:IQ-JQ3:KL-LK2:IJ-JI3/10.30.00.40.20:10.30.00.40.20:10.30.00.40.20:10.30.00.40.20/LP-MO3:IJ-JI0:OH-PH2:OM-PLX:QI-QJX:LH-MH4:HO-HPX:HL-HMX:IQ-JQ1
2024-05-01 14:02:07,011 [GameBoard   ] DEBUG    The current turn number is now 2
2024-05-01 14:02:07,490 [GameBoard   ] DEBUG    Player's yield: [(<Resource.LUMBER: 0>, 0), (<Resource.BRICK: 1>, 0), (<Resource.WOOL: 2>, 0), (<Resource.GRAIN: 3>, 0), (<Resource.ORE: 4>, 1)] on roll 4
2024-05-01 14:02:07,491 [GameBoard   ] DEBUG    Player's yield: [(<Resource.LUMBER: 0>, 0), (<Resource.BRICK: 1>, 0), (<Resource.WOOL: 2>, 0), (<Resource.GRAIN: 3>, 1), (<Resource.ORE: 4>, 0)] on roll 7
2024-05-01 14:02:07,491 [GameBoard   ] DEBUG    Expected earning per turn: 0.41666666666666663
2024-05-01 14:02:07,491 [GameBoard   ] DEBUG    ------- SIMULATION START: (VILLAGE(q: 2, r:-3),) -------
2024-05-01 14:02:07,491 [GameBoard   ] DEBUG    State has been set as follows: 
NoneLI5:2OL4:3MJ3:3LO3:4NH2:4KN0:5JM0:5PJ4:6KK3:6NN2:8OI3:8JP1:9MM2:9HN2:10NK1:10IO0:11LL0:11JJ4:12IL1/OK01:PI11:LN21:LK21:JI31:JQ31/OK-PK0:PI-QI1:LM-LN2:IQ-JQ3:KL-LK2:IJ-JI3/10.30.00.40.20:10.30.00.40.20:10.30.00.40.20:10.30.00.40.20/LP-MO3:IJ-JI0:OH-PH2:OM-PLX:QI-QJX:LH-MH4:HO-HPX:HL-HMX:IQ-JQ1
2024-05-01 14:02:07,491 [GameBoard   ] DEBUG    The current turn number is now 2
2024-05-01 14:02:07,969 [Action      ] DEBUG    Calling VILLAGE construction on node (q: 2, r:-3).
2024-05-01 14:02:07,969 [Action      ] DEBUG    VILLAGE construction is successful.
2024-05-01 14:02:07,970 [GameBoard   ] DEBUG    State has been changed to: 
NoneLI5:2OL4:3MJ3:3LO3:4NH2:4KN0:5JM0:5PJ4:6KK3:6NN2:8OI3:8JP1:9MM2:9HN2:10NK1:10IO0:11LL0:11JJ4:12IL1/OK01:PI11:LN21:LK21:JI31:NI11:JQ31/OK-PK0:PI-QI1:LM-LN2:IQ-JQ3:KL-LK2:IJ-JI3/10.30.00.40.20:10.30.00.40.20:10.30.00.40.20:10.30.00.40.20/LP-MO3:IJ-JI0:OH-PH2:OM-PLX:QI-QJX:LH-MH4:HO-HPX:HL-HMX:IQ-JQ1
2024-05-01 14:02:07,970 [GameBoard   ] DEBUG    The current turn number is now 2
2024-05-01 14:02:08,478 [GameBoard   ] DEBUG    ------- SIMULATION ENDS -------
2024-05-01 14:02:08,479 [GameBoard   ] DEBUG    State has been set as follows: 
NoneLI5:2OL4:3MJ3:3LO3:4NH2:4KN0:5JM0:5PJ4:6KK3:6NN2:8OI3:8JP1:9MM2:9HN2:10NK1:10IO0:11LL0:11JJ4:12IL1/OK01:PI11:LN21:LK21:JI31:JQ31/OK-PK0:PI-QI1:LM-LN2:IQ-JQ3:KL-LK2:IJ-JI3/10.30.00.40.20:10.30.00.40.20:10.30.00.40.20:10.30.00.40.20/LP-MO3:IJ-JI0:OH-PH2:OM-PLX:QI-QJX:LH-MH4:HO-HPX:HL-HMX:IQ-JQ1
2024-05-01 14:02:08,479 [GameBoard   ] DEBUG    The current turn number is now 2
2024-05-01 14:02:08,962 [GameBoard   ] DEBUG    Player's yield: [(<Resource.LUMBER: 0>, 0), (<Resource.BRICK: 1>, 0), (<Resource.WOOL: 2>, 0), (<Resource.GRAIN: 3>, 0), (<Resource.ORE: 4>, 1)] on roll 4
2024-05-01 14:02:08,963 [GameBoard   ] DEBUG    Player's yield: [(<Resource.LUMBER: 0>, 0), (<Resource.BRICK: 1>, 0), (<Resource.WOOL: 2>, 0), (<Resource.GRAIN: 3>, 1), (<Resource.ORE: 4>, 0)] on roll 7
2024-05-01 14:02:08,963 [GameBoard   ] DEBUG    Expected earning per turn: 0.41666666666666663
2024-05-01 14:02:08,963 [GameBoard   ] DEBUG    ------- SIMULATION START: (VILLAGE(q: 3, r:2),) -------
2024-05-01 14:02:08,963 [GameBoard   ] DEBUG    State has been set as follows: 
NoneLI5:2OL4:3MJ3:3LO3:4NH2:4KN0:5JM0:5PJ4:6KK3:6NN2:8OI3:8JP1:9MM2:9HN2:10NK1:10IO0:11LL0:11JJ4:12IL1/OK01:PI11:LN21:LK21:JI31:JQ31/OK-PK0:PI-QI1:LM-LN2:IQ-JQ3:KL-LK2:IJ-JI3/10.30.00.40.20:10.30.00.40.20:10.30.00.40.20:10.30.00.40.20/LP-MO3:IJ-JI0:OH-PH2:OM-PLX:QI-QJX:LH-MH4:HO-HPX:HL-HMX:IQ-JQ1
2024-05-01 14:02:08,963 [GameBoard   ] DEBUG    The current turn number is now 2
2024-05-01 14:02:09,447 [Action      ] DEBUG    Calling VILLAGE construction on node (q: 3, r:2).
2024-05-01 14:02:09,447 [Action      ] DEBUG    VILLAGE construction is successful.
2024-05-01 14:02:09,448 [GameBoard   ] DEBUG    State has been changed to: 
NoneLI5:2OL4:3MJ3:3LO3:4NH2:4KN0:5JM0:5PJ4:6KK3:6NN2:8OI3:8JP1:9MM2:9HN2:10NK1:10IO0:11LL0:11JJ4:12IL1/OK01:PI11:LN21:LK21:JI31:ON11:JQ31/OK-PK0:PI-QI1:LM-LN2:IQ-JQ3:KL-LK2:IJ-JI3/10.30.00.40.20:10.30.00.40.20:10.30.00.40.20:10.30.00.40.20/LP-MO3:IJ-JI0:OH-PH2:OM-PLX:QI-QJX:LH-MH4:HO-HPX:HL-HMX:IQ-JQ1
2024-05-01 14:02:09,448 [GameBoard   ] DEBUG    The current turn number is now 2
2024-05-01 14:02:09,929 [GameBoard   ] DEBUG    ------- SIMULATION ENDS -------
2024-05-01 14:02:09,931 [GameBoard   ] DEBUG    State has been set as follows: 
NoneLI5:2OL4:3MJ3:3LO3:4NH2:4KN0:5JM0:5PJ4:6KK3:6NN2:8OI3:8JP1:9MM2:9HN2:10NK1:10IO0:11LL0:11JJ4:12IL1/OK01:PI11:LN21:LK21:JI31:JQ31/OK-PK0:PI-QI1:LM-LN2:IQ-JQ3:KL-LK2:IJ-JI3/10.30.00.40.20:10.30.00.40.20:10.30.00.40.20:10.30.00.40.20/LP-MO3:IJ-JI0:OH-PH2:OM-PLX:QI-QJX:LH-MH4:HO-HPX:HL-HMX:IQ-JQ1
2024-05-01 14:02:09,931 [GameBoard   ] DEBUG    The current turn number is now 2
2024-05-01 14:02:10,414 [GameBoard   ] DEBUG    Player's yield: [(<Resource.LUMBER: 0>, 0), (<Resource.BRICK: 1>, 0), (<Resource.WOOL: 2>, 0), (<Resource.GRAIN: 3>, 0), (<Resource.ORE: 4>, 1)] on roll 4
2024-05-01 14:02:10,415 [GameBoard   ] DEBUG    Player's yield: [(<Resource.LUMBER: 0>, 0), (<Resource.BRICK: 1>, 0), (<Resource.WOOL: 2>, 0), (<Resource.GRAIN: 3>, 1), (<Resource.ORE: 4>, 0)] on roll 7
2024-05-01 14:02:10,415 [GameBoard   ] DEBUG    Expected earning per turn: 0.41666666666666663
2024-05-01 14:02:10,415 [GameBoard   ] DEBUG    ------- SIMULATION START: (VILLAGE(q: -3, r:1),) -------
2024-05-01 14:02:10,415 [GameBoard   ] DEBUG    State has been set as follows: 
NoneLI5:2OL4:3MJ3:3LO3:4NH2:4KN0:5JM0:5PJ4:6KK3:6NN2:8OI3:8JP1:9MM2:9HN2:10NK1:10IO0:11LL0:11JJ4:12IL1/OK01:PI11:LN21:LK21:JI31:JQ31/OK-PK0:PI-QI1:LM-LN2:IQ-JQ3:KL-LK2:IJ-JI3/10.30.00.40.20:10.30.00.40.20:10.30.00.40.20:10.30.00.40.20/LP-MO3:IJ-JI0:OH-PH2:OM-PLX:QI-QJX:LH-MH4:HO-HPX:HL-HMX:IQ-JQ1
2024-05-01 14:02:10,415 [GameBoard   ] DEBUG    The current turn number is now 2
2024-05-01 14:02:10,896 [Action      ] DEBUG    Calling VILLAGE construction on node (q: -3, r:1).
2024-05-01 14:02:10,896 [Action      ] DEBUG    VILLAGE construction is successful.
2024-05-01 14:02:10,897 [GameBoard   ] DEBUG    State has been changed to: 
NoneLI5:2OL4:3MJ3:3LO3:4NH2:4KN0:5JM0:5PJ4:6KK3:6NN2:8OI3:8JP1:9MM2:9HN2:10NK1:10IO0:11LL0:11JJ4:12IL1/OK01:PI11:LN21:LK21:JI31:IM11:JQ31/OK-PK0:PI-QI1:LM-LN2:IQ-JQ3:KL-LK2:IJ-JI3/10.30.00.40.20:10.30.00.40.20:10.30.00.40.20:10.30.00.40.20/LP-MO3:IJ-JI0:OH-PH2:OM-PLX:QI-QJX:LH-MH4:HO-HPX:HL-HMX:IQ-JQ1
2024-05-01 14:02:10,897 [GameBoard   ] DEBUG    The current turn number is now 2
2024-05-01 14:02:11,375 [GameBoard   ] DEBUG    ------- SIMULATION ENDS -------
2024-05-01 14:02:11,376 [GameBoard   ] DEBUG    State has been set as follows: 
NoneLI5:2OL4:3MJ3:3LO3:4NH2:4KN0:5JM0:5PJ4:6KK3:6NN2:8OI3:8JP1:9MM2:9HN2:10NK1:10IO0:11LL0:11JJ4:12IL1/OK01:PI11:LN21:LK21:JI31:JQ31/OK-PK0:PI-QI1:LM-LN2:IQ-JQ3:KL-LK2:IJ-JI3/10.30.00.40.20:10.30.00.40.20:10.30.00.40.20:10.30.00.40.20/LP-MO3:IJ-JI0:OH-PH2:OM-PLX:QI-QJX:LH-MH4:HO-HPX:HL-HMX:IQ-JQ1
2024-05-01 14:02:11,376 [GameBoard   ] DEBUG    The current turn number is now 2
2024-05-01 14:02:11,857 [GameBoard   ] DEBUG    Player's yield: [(<Resource.LUMBER: 0>, 0), (<Resource.BRICK: 1>, 0), (<Resource.WOOL: 2>, 0), (<Resource.GRAIN: 3>, 0), (<Resource.ORE: 4>, 1)] on roll 4
2024-05-01 14:02:11,857 [GameBoard   ] DEBUG    Player's yield: [(<Resource.LUMBER: 0>, 0), (<Resource.BRICK: 1>, 0), (<Resource.WOOL: 2>, 0), (<Resource.GRAIN: 3>, 1), (<Resource.ORE: 4>, 0)] on roll 7
2024-05-01 14:02:11,857 [GameBoard   ] DEBUG    Expected earning per turn: 0.41666666666666663
2024-05-01 14:02:11,857 [GameBoard   ] DEBUG    ------- SIMULATION START: (VILLAGE(q: -5, r:3),) -------
2024-05-01 14:02:11,858 [GameBoard   ] DEBUG    State has been set as follows: 
NoneLI5:2OL4:3MJ3:3LO3:4NH2:4KN0:5JM0:5PJ4:6KK3:6NN2:8OI3:8JP1:9MM2:9HN2:10NK1:10IO0:11LL0:11JJ4:12IL1/OK01:PI11:LN21:LK21:JI31:JQ31/OK-PK0:PI-QI1:LM-LN2:IQ-JQ3:KL-LK2:IJ-JI3/10.30.00.40.20:10.30.00.40.20:10.30.00.40.20:10.30.00.40.20/LP-MO3:IJ-JI0:OH-PH2:OM-PLX:QI-QJX:LH-MH4:HO-HPX:HL-HMX:IQ-JQ1
2024-05-01 14:02:11,858 [GameBoard   ] DEBUG    The current turn number is now 2
2024-05-01 14:02:12,336 [Action      ] DEBUG    Calling VILLAGE construction on node (q: -5, r:3).
2024-05-01 14:02:12,336 [Action      ] DEBUG    VILLAGE construction is successful.
2024-05-01 14:02:12,336 [GameBoard   ] DEBUG    State has been changed to: 
NoneLI5:2OL4:3MJ3:3LO3:4NH2:4KN0:5JM0:5PJ4:6KK3:6NN2:8OI3:8JP1:9MM2:9HN2:10NK1:10IO0:11LL0:11JJ4:12IL1/OK01:PI11:GO11:LN21:LK21:JI31:JQ31/OK-PK0:PI-QI1:LM-LN2:IQ-JQ3:KL-LK2:IJ-JI3/10.30.00.40.20:10.30.00.40.20:10.30.00.40.20:10.30.00.40.20/LP-MO3:IJ-JI0:OH-PH2:OM-PLX:QI-QJX:LH-MH4:HO-HPX:HL-HMX:IQ-JQ1
2024-05-01 14:02:12,336 [GameBoard   ] DEBUG    The current turn number is now 2
2024-05-01 14:02:12,813 [GameBoard   ] DEBUG    ------- SIMULATION ENDS -------
2024-05-01 14:02:12,814 [GameBoard   ] DEBUG    State has been set as follows: 
NoneLI5:2OL4:3MJ3:3LO3:4NH2:4KN0:5JM0:5PJ4:6KK3:6NN2:8OI3:8JP1:9MM2:9HN2:10NK1:10IO0:11LL0:11JJ4:12IL1/OK01:PI11:LN21:LK21:JI31:JQ31/OK-PK0:PI-QI1:LM-LN2:IQ-JQ3:KL-LK2:IJ-JI3/10.30.00.40.20:10.30.00.40.20:10.30.00.40.20:10.30.00.40.20/LP-MO3:IJ-JI0:OH-PH2:OM-PLX:QI-QJX:LH-MH4:HO-HPX:HL-HMX:IQ-JQ1
2024-05-01 14:02:12,814 [GameBoard   ] DEBUG    The current turn number is now 2
2024-05-01 14:02:13,289 [GameBoard   ] DEBUG    Player's yield: [(<Resource.LUMBER: 0>, 0), (<Resource.BRICK: 1>, 0), (<Resource.WOOL: 2>, 0), (<Resource.GRAIN: 3>, 0), (<Resource.ORE: 4>, 1)] on roll 4
2024-05-01 14:02:13,289 [GameBoard   ] DEBUG    Player's yield: [(<Resource.LUMBER: 0>, 0), (<Resource.BRICK: 1>, 0), (<Resource.WOOL: 2>, 0), (<Resource.GRAIN: 3>, 1), (<Resource.ORE: 4>, 0)] on roll 7
2024-05-01 14:02:13,289 [GameBoard   ] DEBUG    Expected earning per turn: 0.41666666666666663
2024-05-01 14:02:13,289 [GameBoard   ] DEBUG    ------- SIMULATION START: (VILLAGE(q: 5, r:-2),) -------
2024-05-01 14:02:13,290 [GameBoard   ] DEBUG    State has been set as follows: 
NoneLI5:2OL4:3MJ3:3LO3:4NH2:4KN0:5JM0:5PJ4:6KK3:6NN2:8OI3:8JP1:9MM2:9HN2:10NK1:10IO0:11LL0:11JJ4:12IL1/OK01:PI11:LN21:LK21:JI31:JQ31/OK-PK0:PI-QI1:LM-LN2:IQ-JQ3:KL-LK2:IJ-JI3/10.30.00.40.20:10.30.00.40.20:10.30.00.40.20:10.30.00.40.20/LP-MO3:IJ-JI0:OH-PH2:OM-PLX:QI-QJX:LH-MH4:HO-HPX:HL-HMX:IQ-JQ1
2024-05-01 14:02:13,290 [GameBoard   ] DEBUG    The current turn number is now 2
2024-05-01 14:02:13,782 [Action      ] DEBUG    Calling VILLAGE construction on node (q: 5, r:-2).
2024-05-01 14:02:13,782 [Action      ] DEBUG    VILLAGE construction is successful.
2024-05-01 14:02:13,783 [GameBoard   ] DEBUG    State has been changed to: 
NoneLI5:2OL4:3MJ3:3LO3:4NH2:4KN0:5JM0:5PJ4:6KK3:6NN2:8OI3:8JP1:9MM2:9HN2:10NK1:10IO0:11LL0:11JJ4:12IL1/OK01:PI11:QJ11:LN21:LK21:JI31:JQ31/OK-PK0:PI-QI1:LM-LN2:IQ-JQ3:KL-LK2:IJ-JI3/10.30.00.40.20:10.30.00.40.20:10.30.00.40.20:10.30.00.40.20/LP-MO3:IJ-JI0:OH-PH2:OM-PLX:QI-QJX:LH-MH4:HO-HPX:HL-HMX:IQ-JQ1
2024-05-01 14:02:13,783 [GameBoard   ] DEBUG    The current turn number is now 2
2024-05-01 14:02:14,262 [GameBoard   ] DEBUG    ------- SIMULATION ENDS -------
2024-05-01 14:02:14,263 [GameBoard   ] DEBUG    State has been set as follows: 
NoneLI5:2OL4:3MJ3:3LO3:4NH2:4KN0:5JM0:5PJ4:6KK3:6NN2:8OI3:8JP1:9MM2:9HN2:10NK1:10IO0:11LL0:11JJ4:12IL1/OK01:PI11:LN21:LK21:JI31:JQ31/OK-PK0:PI-QI1:LM-LN2:IQ-JQ3:KL-LK2:IJ-JI3/10.30.00.40.20:10.30.00.40.20:10.30.00.40.20:10.30.00.40.20/LP-MO3:IJ-JI0:OH-PH2:OM-PLX:QI-QJX:LH-MH4:HO-HPX:HL-HMX:IQ-JQ1
2024-05-01 14:02:14,263 [GameBoard   ] DEBUG    The current turn number is now 2
2024-05-01 14:02:14,741 [GameBoard   ] DEBUG    Player's yield: [(<Resource.LUMBER: 0>, 0), (<Resource.BRICK: 1>, 0), (<Resource.WOOL: 2>, 0), (<Resource.GRAIN: 3>, 0), (<Resource.ORE: 4>, 1)] on roll 4
2024-05-01 14:02:14,741 [GameBoard   ] DEBUG    Player's yield: [(<Resource.LUMBER: 0>, 0), (<Resource.BRICK: 1>, 0), (<Resource.WOOL: 2>, 0), (<Resource.GRAIN: 3>, 1), (<Resource.ORE: 4>, 0)] on roll 7
2024-05-01 14:02:14,741 [GameBoard   ] DEBUG    Expected earning per turn: 0.41666666666666663
2024-05-01 14:02:14,741 [GameBoard   ] DEBUG    ------- SIMULATION START: (VILLAGE(q: 3, r:2),) -------
2024-05-01 14:02:14,741 [GameBoard   ] DEBUG    State has been set as follows: 
NoneLI5:2OL4:3MJ3:3LO3:4NH2:4KN0:5JM0:5PJ4:6KK3:6NN2:8OI3:8JP1:9MM2:9HN2:10NK1:10IO0:11LL0:11JJ4:12IL1/OK01:PI11:LN21:LK21:JI31:JQ31/OK-PK0:PI-QI1:LM-LN2:IQ-JQ3:KL-LK2:IJ-JI3/10.30.00.40.20:10.30.00.40.20:10.30.00.40.20:10.30.00.40.20/LP-MO3:IJ-JI0:OH-PH2:OM-PLX:QI-QJX:LH-MH4:HO-HPX:HL-HMX:IQ-JQ1
2024-05-01 14:02:14,741 [GameBoard   ] DEBUG    The current turn number is now 2
2024-05-01 14:02:15,220 [Action      ] DEBUG    Calling VILLAGE construction on node (q: 3, r:2).
2024-05-01 14:02:15,220 [Action      ] DEBUG    VILLAGE construction is successful.
2024-05-01 14:02:15,220 [GameBoard   ] DEBUG    State has been changed to: 
NoneLI5:2OL4:3MJ3:3LO3:4NH2:4KN0:5JM0:5PJ4:6KK3:6NN2:8OI3:8JP1:9MM2:9HN2:10NK1:10IO0:11LL0:11JJ4:12IL1/OK01:PI11:LN21:LK21:JI31:ON11:JQ31/OK-PK0:PI-QI1:LM-LN2:IQ-JQ3:KL-LK2:IJ-JI3/10.30.00.40.20:10.30.00.40.20:10.30.00.40.20:10.30.00.40.20/LP-MO3:IJ-JI0:OH-PH2:OM-PLX:QI-QJX:LH-MH4:HO-HPX:HL-HMX:IQ-JQ1
2024-05-01 14:02:15,220 [GameBoard   ] DEBUG    The current turn number is now 2
2024-05-01 14:02:15,696 [GameBoard   ] DEBUG    ------- SIMULATION ENDS -------
2024-05-01 14:02:15,698 [GameBoard   ] DEBUG    State has been set as follows: 
NoneLI5:2OL4:3MJ3:3LO3:4NH2:4KN0:5JM0:5PJ4:6KK3:6NN2:8OI3:8JP1:9MM2:9HN2:10NK1:10IO0:11LL0:11JJ4:12IL1/OK01:PI11:LN21:LK21:JI31:JQ31/OK-PK0:PI-QI1:LM-LN2:IQ-JQ3:KL-LK2:IJ-JI3/10.30.00.40.20:10.30.00.40.20:10.30.00.40.20:10.30.00.40.20/LP-MO3:IJ-JI0:OH-PH2:OM-PLX:QI-QJX:LH-MH4:HO-HPX:HL-HMX:IQ-JQ1
2024-05-01 14:02:15,698 [GameBoard   ] DEBUG    The current turn number is now 2
2024-05-01 14:02:16,179 [GameBoard   ] DEBUG    Player's yield: [(<Resource.LUMBER: 0>, 0), (<Resource.BRICK: 1>, 0), (<Resource.WOOL: 2>, 0), (<Resource.GRAIN: 3>, 0), (<Resource.ORE: 4>, 1)] on roll 4
2024-05-01 14:02:16,179 [GameBoard   ] DEBUG    Player's yield: [(<Resource.LUMBER: 0>, 0), (<Resource.BRICK: 1>, 0), (<Resource.WOOL: 2>, 0), (<Resource.GRAIN: 3>, 1), (<Resource.ORE: 4>, 0)] on roll 7
2024-05-01 14:02:16,179 [GameBoard   ] DEBUG    Expected earning per turn: 0.41666666666666663
2024-05-01 14:02:16,179 [GameBoard   ] DEBUG    ------- SIMULATION START: (VILLAGE(q: -3, r:-1),) -------
2024-05-01 14:02:16,179 [GameBoard   ] DEBUG    State has been set as follows: 
NoneLI5:2OL4:3MJ3:3LO3:4NH2:4KN0:5JM0:5PJ4:6KK3:6NN2:8OI3:8JP1:9MM2:9HN2:10NK1:10IO0:11LL0:11JJ4:12IL1/OK01:PI11:LN21:LK21:JI31:JQ31/OK-PK0:PI-QI1:LM-LN2:IQ-JQ3:KL-LK2:IJ-JI3/10.30.00.40.20:10.30.00.40.20:10.30.00.40.20:10.30.00.40.20/LP-MO3:IJ-JI0:OH-PH2:OM-PLX:QI-QJX:LH-MH4:HO-HPX:HL-HMX:IQ-JQ1
2024-05-01 14:02:16,179 [GameBoard   ] DEBUG    The current turn number is now 2
2024-05-01 14:02:16,661 [Action      ] DEBUG    Calling VILLAGE construction on node (q: -3, r:-1).
2024-05-01 14:02:16,661 [Action      ] DEBUG    VILLAGE construction is successful.
2024-05-01 14:02:16,661 [GameBoard   ] DEBUG    State has been changed to: 
NoneLI5:2OL4:3MJ3:3LO3:4NH2:4KN0:5JM0:5PJ4:6KK3:6NN2:8OI3:8JP1:9MM2:9HN2:10NK1:10IO0:11LL0:11JJ4:12IL1/OK01:PI11:LN21:LK21:JI31:IK11:JQ31/OK-PK0:PI-QI1:LM-LN2:IQ-JQ3:KL-LK2:IJ-JI3/10.30.00.40.20:10.30.00.40.20:10.30.00.40.20:10.30.00.40.20/LP-MO3:IJ-JI0:OH-PH2:OM-PLX:QI-QJX:LH-MH4:HO-HPX:HL-HMX:IQ-JQ1
2024-05-01 14:02:16,661 [GameBoard   ] DEBUG    The current turn number is now 2
2024-05-01 14:02:17,139 [GameBoard   ] DEBUG    ------- SIMULATION ENDS -------
2024-05-01 14:02:17,140 [GameBoard   ] DEBUG    State has been set as follows: 
NoneLI5:2OL4:3MJ3:3LO3:4NH2:4KN0:5JM0:5PJ4:6KK3:6NN2:8OI3:8JP1:9MM2:9HN2:10NK1:10IO0:11LL0:11JJ4:12IL1/OK01:PI11:LN21:LK21:JI31:JQ31/OK-PK0:PI-QI1:LM-LN2:IQ-JQ3:KL-LK2:IJ-JI3/10.30.00.40.20:10.30.00.40.20:10.30.00.40.20:10.30.00.40.20/LP-MO3:IJ-JI0:OH-PH2:OM-PLX:QI-QJX:LH-MH4:HO-HPX:HL-HMX:IQ-JQ1
2024-05-01 14:02:17,140 [GameBoard   ] DEBUG    The current turn number is now 2
2024-05-01 14:02:17,625 [GameBoard   ] DEBUG    Player's yield: [(<Resource.LUMBER: 0>, 0), (<Resource.BRICK: 1>, 0), (<Resource.WOOL: 2>, 0), (<Resource.GRAIN: 3>, 0), (<Resource.ORE: 4>, 1)] on roll 4
2024-05-01 14:02:17,625 [GameBoard   ] DEBUG    Player's yield: [(<Resource.LUMBER: 0>, 0), (<Resource.BRICK: 1>, 0), (<Resource.WOOL: 2>, 0), (<Resource.GRAIN: 3>, 1), (<Resource.ORE: 4>, 0)] on roll 7
2024-05-01 14:02:17,625 [GameBoard   ] DEBUG    Expected earning per turn: 0.41666666666666663
2024-05-01 14:02:17,625 [GameBoard   ] DEBUG    ------- SIMULATION START: (VILLAGE(q: 0, r:4),) -------
2024-05-01 14:02:17,625 [GameBoard   ] DEBUG    State has been set as follows: 
NoneLI5:2OL4:3MJ3:3LO3:4NH2:4KN0:5JM0:5PJ4:6KK3:6NN2:8OI3:8JP1:9MM2:9HN2:10NK1:10IO0:11LL0:11JJ4:12IL1/OK01:PI11:LN21:LK21:JI31:JQ31/OK-PK0:PI-QI1:LM-LN2:IQ-JQ3:KL-LK2:IJ-JI3/10.30.00.40.20:10.30.00.40.20:10.30.00.40.20:10.30.00.40.20/LP-MO3:IJ-JI0:OH-PH2:OM-PLX:QI-QJX:LH-MH4:HO-HPX:HL-HMX:IQ-JQ1
2024-05-01 14:02:17,625 [GameBoard   ] DEBUG    The current turn number is now 2
2024-05-01 14:02:18,098 [Action      ] DEBUG    Calling VILLAGE construction on node (q: 0, r:4).
2024-05-01 14:02:18,098 [Action      ] DEBUG    VILLAGE construction is successful.
2024-05-01 14:02:18,099 [GameBoard   ] DEBUG    State has been changed to: 
NoneLI5:2OL4:3MJ3:3LO3:4NH2:4KN0:5JM0:5PJ4:6KK3:6NN2:8OI3:8JP1:9MM2:9HN2:10NK1:10IO0:11LL0:11JJ4:12IL1/OK01:PI11:LN21:LK21:LP11:JI31:JQ31/OK-PK0:PI-QI1:LM-LN2:IQ-JQ3:KL-LK2:IJ-JI3/10.30.00.40.20:10.30.00.40.20:10.30.00.40.20:10.30.00.40.20/LP-MO3:IJ-JI0:OH-PH2:OM-PLX:QI-QJX:LH-MH4:HO-HPX:HL-HMX:IQ-JQ1
2024-05-01 14:02:18,099 [GameBoard   ] DEBUG    The current turn number is now 2
2024-05-01 14:02:18,571 [GameBoard   ] DEBUG    ------- SIMULATION ENDS -------
2024-05-01 14:02:18,572 [GameBoard   ] DEBUG    State has been set as follows: 
NoneLI5:2OL4:3MJ3:3LO3:4NH2:4KN0:5JM0:5PJ4:6KK3:6NN2:8OI3:8JP1:9MM2:9HN2:10NK1:10IO0:11LL0:11JJ4:12IL1/OK01:PI11:LN21:LK21:JI31:JQ31/OK-PK0:PI-QI1:LM-LN2:IQ-JQ3:KL-LK2:IJ-JI3/10.30.00.40.20:10.30.00.40.20:10.30.00.40.20:10.30.00.40.20/LP-MO3:IJ-JI0:OH-PH2:OM-PLX:QI-QJX:LH-MH4:HO-HPX:HL-HMX:IQ-JQ1
2024-05-01 14:02:18,572 [GameBoard   ] DEBUG    The current turn number is now 2
2024-05-01 14:02:19,054 [GameBoard   ] DEBUG    Player's yield: [(<Resource.LUMBER: 0>, 0), (<Resource.BRICK: 1>, 0), (<Resource.WOOL: 2>, 0), (<Resource.GRAIN: 3>, 0), (<Resource.ORE: 4>, 1)] on roll 4
2024-05-01 14:02:19,055 [GameBoard   ] DEBUG    Player's yield: [(<Resource.LUMBER: 0>, 0), (<Resource.BRICK: 1>, 0), (<Resource.WOOL: 2>, 0), (<Resource.GRAIN: 3>, 1), (<Resource.ORE: 4>, 0)] on roll 7
2024-05-01 14:02:19,055 [GameBoard   ] DEBUG    Expected earning per turn: 0.41666666666666663
2024-05-01 14:02:19,055 [GameBoard   ] DEBUG    ------- SIMULATION START: (VILLAGE(q: 2, r:3),) -------
2024-05-01 14:02:19,055 [GameBoard   ] DEBUG    State has been set as follows: 
NoneLI5:2OL4:3MJ3:3LO3:4NH2:4KN0:5JM0:5PJ4:6KK3:6NN2:8OI3:8JP1:9MM2:9HN2:10NK1:10IO0:11LL0:11JJ4:12IL1/OK01:PI11:LN21:LK21:JI31:JQ31/OK-PK0:PI-QI1:LM-LN2:IQ-JQ3:KL-LK2:IJ-JI3/10.30.00.40.20:10.30.00.40.20:10.30.00.40.20:10.30.00.40.20/LP-MO3:IJ-JI0:OH-PH2:OM-PLX:QI-QJX:LH-MH4:HO-HPX:HL-HMX:IQ-JQ1
2024-05-01 14:02:19,055 [GameBoard   ] DEBUG    The current turn number is now 2
2024-05-01 14:02:19,535 [Action      ] DEBUG    Calling VILLAGE construction on node (q: 2, r:3).
2024-05-01 14:02:19,535 [Action      ] DEBUG    VILLAGE construction is successful.
2024-05-01 14:02:19,535 [GameBoard   ] DEBUG    State has been changed to: 
NoneLI5:2OL4:3MJ3:3LO3:4NH2:4KN0:5JM0:5PJ4:6KK3:6NN2:8OI3:8JP1:9MM2:9HN2:10NK1:10IO0:11LL0:11JJ4:12IL1/OK01:PI11:LN21:LK21:JI31:NO11:JQ31/OK-PK0:PI-QI1:LM-LN2:IQ-JQ3:KL-LK2:IJ-JI3/10.30.00.40.20:10.30.00.40.20:10.30.00.40.20:10.30.00.40.20/LP-MO3:IJ-JI0:OH-PH2:OM-PLX:QI-QJX:LH-MH4:HO-HPX:HL-HMX:IQ-JQ1
2024-05-01 14:02:19,535 [GameBoard   ] DEBUG    The current turn number is now 2
2024-05-01 14:02:20,013 [GameBoard   ] DEBUG    ------- SIMULATION ENDS -------
2024-05-01 14:02:20,014 [GameBoard   ] DEBUG    State has been set as follows: 
NoneLI5:2OL4:3MJ3:3LO3:4NH2:4KN0:5JM0:5PJ4:6KK3:6NN2:8OI3:8JP1:9MM2:9HN2:10NK1:10IO0:11LL0:11JJ4:12IL1/OK01:PI11:LN21:LK21:JI31:JQ31/OK-PK0:PI-QI1:LM-LN2:IQ-JQ3:KL-LK2:IJ-JI3/10.30.00.40.20:10.30.00.40.20:10.30.00.40.20:10.30.00.40.20/LP-MO3:IJ-JI0:OH-PH2:OM-PLX:QI-QJX:LH-MH4:HO-HPX:HL-HMX:IQ-JQ1
2024-05-01 14:02:20,014 [GameBoard   ] DEBUG    The current turn number is now 2
2024-05-01 14:02:20,492 [GameBoard   ] DEBUG    Player's yield: [(<Resource.LUMBER: 0>, 0), (<Resource.BRICK: 1>, 0), (<Resource.WOOL: 2>, 0), (<Resource.GRAIN: 3>, 0), (<Resource.ORE: 4>, 1)] on roll 4
2024-05-01 14:02:20,492 [GameBoard   ] DEBUG    Player's yield: [(<Resource.LUMBER: 0>, 0), (<Resource.BRICK: 1>, 0), (<Resource.WOOL: 2>, 0), (<Resource.GRAIN: 3>, 1), (<Resource.ORE: 4>, 0)] on roll 7
2024-05-01 14:02:20,492 [GameBoard   ] DEBUG    Expected earning per turn: 0.41666666666666663
2024-05-01 14:02:20,492 [GameBoard   ] DEBUG    ------- SIMULATION START: (VILLAGE(q: -4, r:4),) -------
2024-05-01 14:02:20,493 [GameBoard   ] DEBUG    State has been set as follows: 
NoneLI5:2OL4:3MJ3:3LO3:4NH2:4KN0:5JM0:5PJ4:6KK3:6NN2:8OI3:8JP1:9MM2:9HN2:10NK1:10IO0:11LL0:11JJ4:12IL1/OK01:PI11:LN21:LK21:JI31:JQ31/OK-PK0:PI-QI1:LM-LN2:IQ-JQ3:KL-LK2:IJ-JI3/10.30.00.40.20:10.30.00.40.20:10.30.00.40.20:10.30.00.40.20/LP-MO3:IJ-JI0:OH-PH2:OM-PLX:QI-QJX:LH-MH4:HO-HPX:HL-HMX:IQ-JQ1
2024-05-01 14:02:20,493 [GameBoard   ] DEBUG    The current turn number is now 2
2024-05-01 14:02:20,969 [Action      ] DEBUG    Calling VILLAGE construction on node (q: -4, r:4).
2024-05-01 14:02:20,969 [Action      ] DEBUG    VILLAGE construction is successful.
2024-05-01 14:02:20,969 [GameBoard   ] DEBUG    State has been changed to: 
NoneLI5:2OL4:3MJ3:3LO3:4NH2:4KN0:5JM0:5PJ4:6KK3:6NN2:8OI3:8JP1:9MM2:9HN2:10NK1:10IO0:11LL0:11JJ4:12IL1/OK01:PI11:LN21:HP11:LK21:JI31:JQ31/OK-PK0:PI-QI1:LM-LN2:IQ-JQ3:KL-LK2:IJ-JI3/10.30.00.40.20:10.30.00.40.20:10.30.00.40.20:10.30.00.40.20/LP-MO3:IJ-JI0:OH-PH2:OM-PLX:QI-QJX:LH-MH4:HO-HPX:HL-HMX:IQ-JQ1
2024-05-01 14:02:20,969 [GameBoard   ] DEBUG    The current turn number is now 2
2024-05-01 14:02:21,446 [GameBoard   ] DEBUG    ------- SIMULATION ENDS -------
2024-05-01 14:02:21,447 [GameBoard   ] DEBUG    State has been set as follows: 
NoneLI5:2OL4:3MJ3:3LO3:4NH2:4KN0:5JM0:5PJ4:6KK3:6NN2:8OI3:8JP1:9MM2:9HN2:10NK1:10IO0:11LL0:11JJ4:12IL1/OK01:PI11:LN21:LK21:JI31:JQ31/OK-PK0:PI-QI1:LM-LN2:IQ-JQ3:KL-LK2:IJ-JI3/10.30.00.40.20:10.30.00.40.20:10.30.00.40.20:10.30.00.40.20/LP-MO3:IJ-JI0:OH-PH2:OM-PLX:QI-QJX:LH-MH4:HO-HPX:HL-HMX:IQ-JQ1
2024-05-01 14:02:21,447 [GameBoard   ] DEBUG    The current turn number is now 2
2024-05-01 14:02:21,921 [GameBoard   ] DEBUG    Player's yield: [(<Resource.LUMBER: 0>, 0), (<Resource.BRICK: 1>, 0), (<Resource.WOOL: 2>, 0), (<Resource.GRAIN: 3>, 0), (<Resource.ORE: 4>, 1)] on roll 4
2024-05-01 14:02:21,921 [GameBoard   ] DEBUG    Player's yield: [(<Resource.LUMBER: 0>, 0), (<Resource.BRICK: 1>, 0), (<Resource.WOOL: 2>, 0), (<Resource.GRAIN: 3>, 1), (<Resource.ORE: 4>, 0)] on roll 7
2024-05-01 14:02:21,921 [GameBoard   ] DEBUG    Expected earning per turn: 0.41666666666666663
2024-05-01 14:02:21,921 [GameBoard   ] DEBUG    ------- SIMULATION START: (VILLAGE(q: -1, r:-2),) -------
2024-05-01 14:02:21,921 [GameBoard   ] DEBUG    State has been set as follows: 
NoneLI5:2OL4:3MJ3:3LO3:4NH2:4KN0:5JM0:5PJ4:6KK3:6NN2:8OI3:8JP1:9MM2:9HN2:10NK1:10IO0:11LL0:11JJ4:12IL1/OK01:PI11:LN21:LK21:JI31:JQ31/OK-PK0:PI-QI1:LM-LN2:IQ-JQ3:KL-LK2:IJ-JI3/10.30.00.40.20:10.30.00.40.20:10.30.00.40.20:10.30.00.40.20/LP-MO3:IJ-JI0:OH-PH2:OM-PLX:QI-QJX:LH-MH4:HO-HPX:HL-HMX:IQ-JQ1
2024-05-01 14:02:21,921 [GameBoard   ] DEBUG    The current turn number is now 2
2024-05-01 14:02:22,394 [Action      ] DEBUG    Calling VILLAGE construction on node (q: -1, r:-2).
2024-05-01 14:02:22,394 [Action      ] DEBUG    VILLAGE construction is successful.
2024-05-01 14:02:22,395 [GameBoard   ] DEBUG    State has been changed to: 
NoneLI5:2OL4:3MJ3:3LO3:4NH2:4KN0:5JM0:5PJ4:6KK3:6NN2:8OI3:8JP1:9MM2:9HN2:10NK1:10IO0:11LL0:11JJ4:12IL1/OK01:PI11:LN21:KJ11:LK21:JI31:JQ31/OK-PK0:PI-QI1:LM-LN2:IQ-JQ3:KL-LK2:IJ-JI3/10.30.00.40.20:10.30.00.40.20:10.30.00.40.20:10.30.00.40.20/LP-MO3:IJ-JI0:OH-PH2:OM-PLX:QI-QJX:LH-MH4:HO-HPX:HL-HMX:IQ-JQ1
2024-05-01 14:02:22,395 [GameBoard   ] DEBUG    The current turn number is now 2
2024-05-01 14:02:22,888 [GameBoard   ] DEBUG    ------- SIMULATION ENDS -------
2024-05-01 14:02:22,889 [GameBoard   ] DEBUG    State has been set as follows: 
NoneLI5:2OL4:3MJ3:3LO3:4NH2:4KN0:5JM0:5PJ4:6KK3:6NN2:8OI3:8JP1:9MM2:9HN2:10NK1:10IO0:11LL0:11JJ4:12IL1/OK01:PI11:LN21:LK21:JI31:JQ31/OK-PK0:PI-QI1:LM-LN2:IQ-JQ3:KL-LK2:IJ-JI3/10.30.00.40.20:10.30.00.40.20:10.30.00.40.20:10.30.00.40.20/LP-MO3:IJ-JI0:OH-PH2:OM-PLX:QI-QJX:LH-MH4:HO-HPX:HL-HMX:IQ-JQ1
2024-05-01 14:02:22,889 [GameBoard   ] DEBUG    The current turn number is now 2
2024-05-01 14:02:23,452 [GameBoard   ] DEBUG    Player's yield: [(<Resource.LUMBER: 0>, 0), (<Resource.BRICK: 1>, 0), (<Resource.WOOL: 2>, 0), (<Resource.GRAIN: 3>, 0), (<Resource.ORE: 4>, 1)] on roll 4
2024-05-01 14:02:23,452 [GameBoard   ] DEBUG    Player's yield: [(<Resource.LUMBER: 0>, 0), (<Resource.BRICK: 1>, 0), (<Resource.WOOL: 2>, 0), (<Resource.GRAIN: 3>, 1), (<Resource.ORE: 4>, 0)] on roll 7
2024-05-01 14:02:23,452 [GameBoard   ] DEBUG    Expected earning per turn: 0.41666666666666663
2024-05-01 14:02:23,452 [GameBoard   ] DEBUG    ------- SIMULATION START: (VILLAGE(q: 2, r:-5),) -------
2024-05-01 14:02:23,453 [GameBoard   ] DEBUG    State has been set as follows: 
NoneLI5:2OL4:3MJ3:3LO3:4NH2:4KN0:5JM0:5PJ4:6KK3:6NN2:8OI3:8JP1:9MM2:9HN2:10NK1:10IO0:11LL0:11JJ4:12IL1/OK01:PI11:LN21:LK21:JI31:JQ31/OK-PK0:PI-QI1:LM-LN2:IQ-JQ3:KL-LK2:IJ-JI3/10.30.00.40.20:10.30.00.40.20:10.30.00.40.20:10.30.00.40.20/LP-MO3:IJ-JI0:OH-PH2:OM-PLX:QI-QJX:LH-MH4:HO-HPX:HL-HMX:IQ-JQ1
2024-05-01 14:02:23,453 [GameBoard   ] DEBUG    The current turn number is now 2
2024-05-01 14:02:23,930 [Action      ] DEBUG    Calling VILLAGE construction on node (q: 2, r:-5).
2024-05-01 14:02:23,930 [Action      ] DEBUG    VILLAGE construction is successful.
2024-05-01 14:02:23,930 [GameBoard   ] DEBUG    State has been changed to: 
NoneLI5:2OL4:3MJ3:3LO3:4NH2:4KN0:5JM0:5PJ4:6KK3:6NN2:8OI3:8JP1:9MM2:9HN2:10NK1:10IO0:11LL0:11JJ4:12IL1/OK01:PI11:LN21:NG11:LK21:JI31:JQ31/OK-PK0:PI-QI1:LM-LN2:IQ-JQ3:KL-LK2:IJ-JI3/10.30.00.40.20:10.30.00.40.20:10.30.00.40.20:10.30.00.40.20/LP-MO3:IJ-JI0:OH-PH2:OM-PLX:QI-QJX:LH-MH4:HO-HPX:HL-HMX:IQ-JQ1
2024-05-01 14:02:23,930 [GameBoard   ] DEBUG    The current turn number is now 2
2024-05-01 14:02:24,405 [GameBoard   ] DEBUG    ------- SIMULATION ENDS -------
2024-05-01 14:02:24,406 [GameBoard   ] DEBUG    State has been set as follows: 
NoneLI5:2OL4:3MJ3:3LO3:4NH2:4KN0:5JM0:5PJ4:6KK3:6NN2:8OI3:8JP1:9MM2:9HN2:10NK1:10IO0:11LL0:11JJ4:12IL1/OK01:PI11:LN21:LK21:JI31:JQ31/OK-PK0:PI-QI1:LM-LN2:IQ-JQ3:KL-LK2:IJ-JI3/10.30.00.40.20:10.30.00.40.20:10.30.00.40.20:10.30.00.40.20/LP-MO3:IJ-JI0:OH-PH2:OM-PLX:QI-QJX:LH-MH4:HO-HPX:HL-HMX:IQ-JQ1
2024-05-01 14:02:24,406 [GameBoard   ] DEBUG    The current turn number is now 2
2024-05-01 14:02:24,882 [GameBoard   ] DEBUG    Player's yield: [(<Resource.LUMBER: 0>, 0), (<Resource.BRICK: 1>, 0), (<Resource.WOOL: 2>, 0), (<Resource.GRAIN: 3>, 0), (<Resource.ORE: 4>, 1)] on roll 4
2024-05-01 14:02:24,882 [GameBoard   ] DEBUG    Player's yield: [(<Resource.LUMBER: 0>, 0), (<Resource.BRICK: 1>, 0), (<Resource.WOOL: 2>, 0), (<Resource.GRAIN: 3>, 1), (<Resource.ORE: 4>, 0)] on roll 7
2024-05-01 14:02:24,882 [GameBoard   ] DEBUG    Expected earning per turn: 0.41666666666666663
2024-05-01 14:02:24,882 [GameBoard   ] DEBUG    ------- SIMULATION START: (VILLAGE(q: 2, r:-2),) -------
2024-05-01 14:02:24,882 [GameBoard   ] DEBUG    State has been set as follows: 
NoneLI5:2OL4:3MJ3:3LO3:4NH2:4KN0:5JM0:5PJ4:6KK3:6NN2:8OI3:8JP1:9MM2:9HN2:10NK1:10IO0:11LL0:11JJ4:12IL1/OK01:PI11:LN21:LK21:JI31:JQ31/OK-PK0:PI-QI1:LM-LN2:IQ-JQ3:KL-LK2:IJ-JI3/10.30.00.40.20:10.30.00.40.20:10.30.00.40.20:10.30.00.40.20/LP-MO3:IJ-JI0:OH-PH2:OM-PLX:QI-QJX:LH-MH4:HO-HPX:HL-HMX:IQ-JQ1
2024-05-01 14:02:24,882 [GameBoard   ] DEBUG    The current turn number is now 2
2024-05-01 14:02:25,359 [Action      ] DEBUG    Calling VILLAGE construction on node (q: 2, r:-2).
2024-05-01 14:02:25,359 [Action      ] DEBUG    VILLAGE construction is successful.
2024-05-01 14:02:25,360 [GameBoard   ] DEBUG    State has been changed to: 
NoneLI5:2OL4:3MJ3:3LO3:4NH2:4KN0:5JM0:5PJ4:6KK3:6NN2:8OI3:8JP1:9MM2:9HN2:10NK1:10IO0:11LL0:11JJ4:12IL1/OK01:PI11:LN21:LK21:NJ11:JI31:JQ31/OK-PK0:PI-QI1:LM-LN2:IQ-JQ3:KL-LK2:IJ-JI3/10.30.00.40.20:10.30.00.40.20:10.30.00.40.20:10.30.00.40.20/LP-MO3:IJ-JI0:OH-PH2:OM-PLX:QI-QJX:LH-MH4:HO-HPX:HL-HMX:IQ-JQ1
2024-05-01 14:02:25,360 [GameBoard   ] DEBUG    The current turn number is now 2
2024-05-01 14:02:25,836 [GameBoard   ] DEBUG    ------- SIMULATION ENDS -------
2024-05-01 14:02:25,837 [GameBoard   ] DEBUG    State has been set as follows: 
NoneLI5:2OL4:3MJ3:3LO3:4NH2:4KN0:5JM0:5PJ4:6KK3:6NN2:8OI3:8JP1:9MM2:9HN2:10NK1:10IO0:11LL0:11JJ4:12IL1/OK01:PI11:LN21:LK21:JI31:JQ31/OK-PK0:PI-QI1:LM-LN2:IQ-JQ3:KL-LK2:IJ-JI3/10.30.00.40.20:10.30.00.40.20:10.30.00.40.20:10.30.00.40.20/LP-MO3:IJ-JI0:OH-PH2:OM-PLX:QI-QJX:LH-MH4:HO-HPX:HL-HMX:IQ-JQ1
2024-05-01 14:02:25,837 [GameBoard   ] DEBUG    The current turn number is now 2
2024-05-01 14:02:26,318 [GameBoard   ] DEBUG    Player's yield: [(<Resource.LUMBER: 0>, 0), (<Resource.BRICK: 1>, 0), (<Resource.WOOL: 2>, 0), (<Resource.GRAIN: 3>, 0), (<Resource.ORE: 4>, 1)] on roll 4
2024-05-01 14:02:26,318 [GameBoard   ] DEBUG    Player's yield: [(<Resource.LUMBER: 0>, 0), (<Resource.BRICK: 1>, 0), (<Resource.WOOL: 2>, 0), (<Resource.GRAIN: 3>, 1), (<Resource.ORE: 4>, 0)] on roll 7
2024-05-01 14:02:26,318 [GameBoard   ] DEBUG    Expected earning per turn: 0.41666666666666663
2024-05-01 14:02:26,318 [GameBoard   ] DEBUG    ------- SIMULATION START: (VILLAGE(q: 0, r:-4),) -------
2024-05-01 14:02:26,319 [GameBoard   ] DEBUG    State has been set as follows: 
NoneLI5:2OL4:3MJ3:3LO3:4NH2:4KN0:5JM0:5PJ4:6KK3:6NN2:8OI3:8JP1:9MM2:9HN2:10NK1:10IO0:11LL0:11JJ4:12IL1/OK01:PI11:LN21:LK21:JI31:JQ31/OK-PK0:PI-QI1:LM-LN2:IQ-JQ3:KL-LK2:IJ-JI3/10.30.00.40.20:10.30.00.40.20:10.30.00.40.20:10.30.00.40.20/LP-MO3:IJ-JI0:OH-PH2:OM-PLX:QI-QJX:LH-MH4:HO-HPX:HL-HMX:IQ-JQ1
2024-05-01 14:02:26,319 [GameBoard   ] DEBUG    The current turn number is now 2
2024-05-01 14:02:26,795 [Action      ] DEBUG    Calling VILLAGE construction on node (q: 0, r:-4).
2024-05-01 14:02:26,795 [Action      ] DEBUG    VILLAGE construction is successful.
2024-05-01 14:02:26,795 [GameBoard   ] DEBUG    State has been changed to: 
NoneLI5:2OL4:3MJ3:3LO3:4NH2:4KN0:5JM0:5PJ4:6KK3:6NN2:8OI3:8JP1:9MM2:9HN2:10NK1:10IO0:11LL0:11JJ4:12IL1/OK01:PI11:LH11:LN21:LK21:JI31:JQ31/OK-PK0:PI-QI1:LM-LN2:IQ-JQ3:KL-LK2:IJ-JI3/10.30.00.40.20:10.30.00.40.20:10.30.00.40.20:10.30.00.40.20/LP-MO3:IJ-JI0:OH-PH2:OM-PLX:QI-QJX:LH-MH4:HO-HPX:HL-HMX:IQ-JQ1
2024-05-01 14:02:26,795 [GameBoard   ] DEBUG    The current turn number is now 2
2024-05-01 14:02:27,278 [GameBoard   ] DEBUG    ------- SIMULATION ENDS -------
2024-05-01 14:02:27,279 [GameBoard   ] DEBUG    State has been set as follows: 
NoneLI5:2OL4:3MJ3:3LO3:4NH2:4KN0:5JM0:5PJ4:6KK3:6NN2:8OI3:8JP1:9MM2:9HN2:10NK1:10IO0:11LL0:11JJ4:12IL1/OK01:PI11:LN21:LK21:JI31:JQ31/OK-PK0:PI-QI1:LM-LN2:IQ-JQ3:KL-LK2:IJ-JI3/10.30.00.40.20:10.30.00.40.20:10.30.00.40.20:10.30.00.40.20/LP-MO3:IJ-JI0:OH-PH2:OM-PLX:QI-QJX:LH-MH4:HO-HPX:HL-HMX:IQ-JQ1
2024-05-01 14:02:27,279 [GameBoard   ] DEBUG    The current turn number is now 2
2024-05-01 14:02:27,760 [GameBoard   ] DEBUG    Player's yield: [(<Resource.LUMBER: 0>, 0), (<Resource.BRICK: 1>, 0), (<Resource.WOOL: 2>, 0), (<Resource.GRAIN: 3>, 0), (<Resource.ORE: 4>, 1)] on roll 4
2024-05-01 14:02:27,760 [GameBoard   ] DEBUG    Player's yield: [(<Resource.LUMBER: 0>, 0), (<Resource.BRICK: 1>, 0), (<Resource.WOOL: 2>, 0), (<Resource.GRAIN: 3>, 1), (<Resource.ORE: 4>, 0)] on roll 7
2024-05-01 14:02:27,760 [GameBoard   ] DEBUG    Expected earning per turn: 0.41666666666666663
2024-05-01 14:02:27,760 [GameBoard   ] DEBUG    ------- SIMULATION START: (VILLAGE(q: -4, r:4),) -------
2024-05-01 14:02:27,761 [GameBoard   ] DEBUG    State has been set as follows: 
NoneLI5:2OL4:3MJ3:3LO3:4NH2:4KN0:5JM0:5PJ4:6KK3:6NN2:8OI3:8JP1:9MM2:9HN2:10NK1:10IO0:11LL0:11JJ4:12IL1/OK01:PI11:LN21:LK21:JI31:JQ31/OK-PK0:PI-QI1:LM-LN2:IQ-JQ3:KL-LK2:IJ-JI3/10.30.00.40.20:10.30.00.40.20:10.30.00.40.20:10.30.00.40.20/LP-MO3:IJ-JI0:OH-PH2:OM-PLX:QI-QJX:LH-MH4:HO-HPX:HL-HMX:IQ-JQ1
2024-05-01 14:02:27,761 [GameBoard   ] DEBUG    The current turn number is now 2
2024-05-01 14:02:28,248 [Action      ] DEBUG    Calling VILLAGE construction on node (q: -4, r:4).
2024-05-01 14:02:28,248 [Action      ] DEBUG    VILLAGE construction is successful.
2024-05-01 14:02:28,248 [GameBoard   ] DEBUG    State has been changed to: 
NoneLI5:2OL4:3MJ3:3LO3:4NH2:4KN0:5JM0:5PJ4:6KK3:6NN2:8OI3:8JP1:9MM2:9HN2:10NK1:10IO0:11LL0:11JJ4:12IL1/OK01:PI11:LN21:HP11:LK21:JI31:JQ31/OK-PK0:PI-QI1:LM-LN2:IQ-JQ3:KL-LK2:IJ-JI3/10.30.00.40.20:10.30.00.40.20:10.30.00.40.20:10.30.00.40.20/LP-MO3:IJ-JI0:OH-PH2:OM-PLX:QI-QJX:LH-MH4:HO-HPX:HL-HMX:IQ-JQ1
2024-05-01 14:02:28,248 [GameBoard   ] DEBUG    The current turn number is now 2
2024-05-01 14:02:28,735 [GameBoard   ] DEBUG    ------- SIMULATION ENDS -------
2024-05-01 14:02:28,736 [GameBoard   ] DEBUG    State has been set as follows: 
NoneLI5:2OL4:3MJ3:3LO3:4NH2:4KN0:5JM0:5PJ4:6KK3:6NN2:8OI3:8JP1:9MM2:9HN2:10NK1:10IO0:11LL0:11JJ4:12IL1/OK01:PI11:LN21:LK21:JI31:JQ31/OK-PK0:PI-QI1:LM-LN2:IQ-JQ3:KL-LK2:IJ-JI3/10.30.00.40.20:10.30.00.40.20:10.30.00.40.20:10.30.00.40.20/LP-MO3:IJ-JI0:OH-PH2:OM-PLX:QI-QJX:LH-MH4:HO-HPX:HL-HMX:IQ-JQ1
2024-05-01 14:02:28,736 [GameBoard   ] DEBUG    The current turn number is now 2
2024-05-01 14:02:29,212 [GameBoard   ] DEBUG    Player's yield: [(<Resource.LUMBER: 0>, 0), (<Resource.BRICK: 1>, 0), (<Resource.WOOL: 2>, 0), (<Resource.GRAIN: 3>, 0), (<Resource.ORE: 4>, 1)] on roll 4
2024-05-01 14:02:29,212 [GameBoard   ] DEBUG    Player's yield: [(<Resource.LUMBER: 0>, 0), (<Resource.BRICK: 1>, 0), (<Resource.WOOL: 2>, 0), (<Resource.GRAIN: 3>, 1), (<Resource.ORE: 4>, 0)] on roll 7
2024-05-01 14:02:29,212 [GameBoard   ] DEBUG    Expected earning per turn: 0.41666666666666663
2024-05-01 14:02:29,212 [GameBoard   ] DEBUG    ------- SIMULATION START: (VILLAGE(q: 1, r:0),) -------
2024-05-01 14:02:29,212 [GameBoard   ] DEBUG    State has been set as follows: 
NoneLI5:2OL4:3MJ3:3LO3:4NH2:4KN0:5JM0:5PJ4:6KK3:6NN2:8OI3:8JP1:9MM2:9HN2:10NK1:10IO0:11LL0:11JJ4:12IL1/OK01:PI11:LN21:LK21:JI31:JQ31/OK-PK0:PI-QI1:LM-LN2:IQ-JQ3:KL-LK2:IJ-JI3/10.30.00.40.20:10.30.00.40.20:10.30.00.40.20:10.30.00.40.20/LP-MO3:IJ-JI0:OH-PH2:OM-PLX:QI-QJX:LH-MH4:HO-HPX:HL-HMX:IQ-JQ1
2024-05-01 14:02:29,212 [GameBoard   ] DEBUG    The current turn number is now 2
2024-05-01 14:02:29,690 [Action      ] DEBUG    Calling VILLAGE construction on node (q: 1, r:0).
2024-05-01 14:02:29,690 [Action      ] DEBUG    VILLAGE construction is successful.
2024-05-01 14:02:29,690 [GameBoard   ] DEBUG    State has been changed to: 
NoneLI5:2OL4:3MJ3:3LO3:4NH2:4KN0:5JM0:5PJ4:6KK3:6NN2:8OI3:8JP1:9MM2:9HN2:10NK1:10IO0:11LL0:11JJ4:12IL1/OK01:PI11:LN21:ML11:LK21:JI31:JQ31/OK-PK0:PI-QI1:LM-LN2:IQ-JQ3:KL-LK2:IJ-JI3/10.30.00.40.20:10.30.00.40.20:10.30.00.40.20:10.30.00.40.20/LP-MO3:IJ-JI0:OH-PH2:OM-PLX:QI-QJX:LH-MH4:HO-HPX:HL-HMX:IQ-JQ1
2024-05-01 14:02:29,690 [GameBoard   ] DEBUG    The current turn number is now 2
2024-05-01 14:02:30,189 [GameBoard   ] DEBUG    ------- SIMULATION ENDS -------
2024-05-01 14:02:30,190 [GameBoard   ] DEBUG    State has been set as follows: 
NoneLI5:2OL4:3MJ3:3LO3:4NH2:4KN0:5JM0:5PJ4:6KK3:6NN2:8OI3:8JP1:9MM2:9HN2:10NK1:10IO0:11LL0:11JJ4:12IL1/OK01:PI11:LN21:LK21:JI31:JQ31/OK-PK0:PI-QI1:LM-LN2:IQ-JQ3:KL-LK2:IJ-JI3/10.30.00.40.20:10.30.00.40.20:10.30.00.40.20:10.30.00.40.20/LP-MO3:IJ-JI0:OH-PH2:OM-PLX:QI-QJX:LH-MH4:HO-HPX:HL-HMX:IQ-JQ1
2024-05-01 14:02:30,190 [GameBoard   ] DEBUG    The current turn number is now 2
2024-05-01 14:02:30,669 [GameBoard   ] DEBUG    Player's yield: [(<Resource.LUMBER: 0>, 0), (<Resource.BRICK: 1>, 0), (<Resource.WOOL: 2>, 0), (<Resource.GRAIN: 3>, 0), (<Resource.ORE: 4>, 1)] on roll 4
2024-05-01 14:02:30,669 [GameBoard   ] DEBUG    Player's yield: [(<Resource.LUMBER: 0>, 0), (<Resource.BRICK: 1>, 0), (<Resource.WOOL: 2>, 0), (<Resource.GRAIN: 3>, 1), (<Resource.ORE: 4>, 0)] on roll 7
2024-05-01 14:02:30,669 [GameBoard   ] DEBUG    Expected earning per turn: 0.41666666666666663
2024-05-01 14:02:30,669 [GameBoard   ] DEBUG    ------- SIMULATION START: (VILLAGE(q: -5, r:3),) -------
2024-05-01 14:02:30,669 [GameBoard   ] DEBUG    State has been set as follows: 
NoneLI5:2OL4:3MJ3:3LO3:4NH2:4KN0:5JM0:5PJ4:6KK3:6NN2:8OI3:8JP1:9MM2:9HN2:10NK1:10IO0:11LL0:11JJ4:12IL1/OK01:PI11:LN21:LK21:JI31:JQ31/OK-PK0:PI-QI1:LM-LN2:IQ-JQ3:KL-LK2:IJ-JI3/10.30.00.40.20:10.30.00.40.20:10.30.00.40.20:10.30.00.40.20/LP-MO3:IJ-JI0:OH-PH2:OM-PLX:QI-QJX:LH-MH4:HO-HPX:HL-HMX:IQ-JQ1
2024-05-01 14:02:30,669 [GameBoard   ] DEBUG    The current turn number is now 2
2024-05-01 14:02:31,148 [Action      ] DEBUG    Calling VILLAGE construction on node (q: -5, r:3).
2024-05-01 14:02:31,149 [Action      ] DEBUG    VILLAGE construction is successful.
2024-05-01 14:02:31,149 [GameBoard   ] DEBUG    State has been changed to: 
NoneLI5:2OL4:3MJ3:3LO3:4NH2:4KN0:5JM0:5PJ4:6KK3:6NN2:8OI3:8JP1:9MM2:9HN2:10NK1:10IO0:11LL0:11JJ4:12IL1/OK01:PI11:GO11:LN21:LK21:JI31:JQ31/OK-PK0:PI-QI1:LM-LN2:IQ-JQ3:KL-LK2:IJ-JI3/10.30.00.40.20:10.30.00.40.20:10.30.00.40.20:10.30.00.40.20/LP-MO3:IJ-JI0:OH-PH2:OM-PLX:QI-QJX:LH-MH4:HO-HPX:HL-HMX:IQ-JQ1
2024-05-01 14:02:31,149 [GameBoard   ] DEBUG    The current turn number is now 2
2024-05-01 14:02:31,633 [GameBoard   ] DEBUG    ------- SIMULATION ENDS -------
2024-05-01 14:02:31,635 [GameBoard   ] DEBUG    State has been set as follows: 
NoneLI5:2OL4:3MJ3:3LO3:4NH2:4KN0:5JM0:5PJ4:6KK3:6NN2:8OI3:8JP1:9MM2:9HN2:10NK1:10IO0:11LL0:11JJ4:12IL1/OK01:PI11:LN21:LK21:JI31:JQ31/OK-PK0:PI-QI1:LM-LN2:IQ-JQ3:KL-LK2:IJ-JI3/10.30.00.40.20:10.30.00.40.20:10.30.00.40.20:10.30.00.40.20/LP-MO3:IJ-JI0:OH-PH2:OM-PLX:QI-QJX:LH-MH4:HO-HPX:HL-HMX:IQ-JQ1
2024-05-01 14:02:31,635 [GameBoard   ] DEBUG    The current turn number is now 2
2024-05-01 14:02:31,656 [Evaluate    ] INFO     Search finished for twingo, using 0MB during search.
2024-05-01 14:02:31,656 [Evaluate    ] DEBUG    Execution Result: Failure True, 200MB, fitness score = 999999999, inf simulations.
